mode: atomic
github.com/archesai/archesai/cmd/archesai/main.go:8.13,10.2 1 0
github.com/archesai/archesai/internal/app/app.go:68.47,71.16 2 0
github.com/archesai/archesai/internal/app/app.go:71.16,73.3 1 0
github.com/archesai/archesai/internal/app/app.go:75.2,79.32 3 0
github.com/archesai/archesai/internal/app/app.go:79.32,80.59 1 0
github.com/archesai/archesai/internal/app/app.go:80.59,83.20 3 0
github.com/archesai/archesai/internal/app/app.go:83.20,85.5 1 0
github.com/archesai/archesai/internal/app/app.go:90.2,91.16 2 0
github.com/archesai/archesai/internal/app/app.go:91.16,93.3 1 0
github.com/archesai/archesai/internal/app/app.go:96.2,97.16 2 0
github.com/archesai/archesai/internal/app/app.go:97.16,99.3 1 0
github.com/archesai/archesai/internal/app/app.go:100.2,101.16 2 0
github.com/archesai/archesai/internal/app/app.go:101.16,103.3 1 0
github.com/archesai/archesai/internal/app/app.go:106.2,203.17 20 0
github.com/archesai/archesai/internal/app/app.go:207.29,208.20 1 0
github.com/archesai/archesai/internal/app/app.go:208.20,210.3 1 0
github.com/archesai/archesai/internal/app/app.go:211.2,211.12 1 0
github.com/archesai/archesai/internal/app/app.go:215.32,223.23 3 0
github.com/archesai/archesai/internal/app/app.go:223.23,224.46 1 0
github.com/archesai/archesai/internal/app/app.go:224.46,226.4 1 0
github.com/archesai/archesai/internal/app/app.go:230.2,230.21 1 0
github.com/archesai/archesai/internal/app/app.go:234.54,236.71 1 0
github.com/archesai/archesai/internal/app/app.go:236.71,242.3 2 0
github.com/archesai/archesai/internal/app/app.go:244.2,247.4 1 0
github.com/archesai/archesai/internal/app/infrastructure.go:58.69,70.16 6 0
github.com/archesai/archesai/internal/app/infrastructure.go:70.16,72.3 1 0
github.com/archesai/archesai/internal/app/infrastructure.go:74.2,80.23 2 0
github.com/archesai/archesai/internal/app/infrastructure.go:80.23,90.17 3 0
github.com/archesai/archesai/internal/app/infrastructure.go:90.17,99.4 5 0
github.com/archesai/archesai/internal/app/infrastructure.go:99.9,108.4 5 0
github.com/archesai/archesai/internal/app/infrastructure.go:109.8,117.3 4 0
github.com/archesai/archesai/internal/app/infrastructure.go:119.2,119.19 1 0
github.com/archesai/archesai/internal/app/infrastructure.go:123.87,126.29 2 0
github.com/archesai/archesai/internal/app/infrastructure.go:126.29,128.3 1 0
github.com/archesai/archesai/internal/app/infrastructure.go:128.8,130.3 1 0
github.com/archesai/archesai/internal/app/infrastructure.go:132.2,134.16 2 0
github.com/archesai/archesai/internal/app/infrastructure.go:135.31,137.25 2 0
github.com/archesai/archesai/internal/app/infrastructure.go:137.25,139.4 1 0
github.com/archesai/archesai/internal/app/infrastructure.go:142.3,158.62 11 0
github.com/archesai/archesai/internal/app/infrastructure.go:160.27,162.26 2 0
github.com/archesai/archesai/internal/app/infrastructure.go:162.26,164.4 1 0
github.com/archesai/archesai/internal/app/infrastructure.go:167.3,183.61 11 0
github.com/archesai/archesai/internal/app/infrastructure.go:185.10,186.66 1 0
github.com/archesai/archesai/internal/app/infrastructure.go:189.2,189.19 1 0
github.com/archesai/archesai/internal/app/infrastructure.go:193.122,196.29 2 0
github.com/archesai/archesai/internal/app/infrastructure.go:196.29,198.3 1 0
github.com/archesai/archesai/internal/app/infrastructure.go:198.8,200.3 1 0
github.com/archesai/archesai/internal/app/infrastructure.go:202.2,202.16 1 0
github.com/archesai/archesai/internal/app/infrastructure.go:203.31,204.69 1 0
github.com/archesai/archesai/internal/app/infrastructure.go:204.69,206.4 1 0
github.com/archesai/archesai/internal/app/infrastructure.go:207.27,208.65 1 0
github.com/archesai/archesai/internal/app/infrastructure.go:208.65,210.4 1 0
github.com/archesai/archesai/internal/app/infrastructure.go:213.2,213.33 1 0
github.com/archesai/archesai/internal/app/infrastructure.go:217.40,219.23 1 0
github.com/archesai/archesai/internal/app/infrastructure.go:219.23,220.44 1 0
github.com/archesai/archesai/internal/app/infrastructure.go:220.44,222.4 1 0
github.com/archesai/archesai/internal/app/infrastructure.go:226.2,226.26 1 0
github.com/archesai/archesai/internal/app/infrastructure.go:226.26,227.47 1 0
github.com/archesai/archesai/internal/app/infrastructure.go:227.47,229.4 1 0
github.com/archesai/archesai/internal/app/infrastructure.go:232.2,232.12 1 0
github.com/archesai/archesai/internal/app/routes.go:19.44,96.2 21 0
github.com/archesai/archesai/internal/logger/logger.go:17.35,20.16 2 0
github.com/archesai/archesai/internal/logger/logger.go:20.16,25.3 1 0
github.com/archesai/archesai/internal/logger/logger.go:27.2,29.5 1 0
github.com/archesai/archesai/internal/logger/logger.go:33.29,35.2 1 0
github.com/archesai/archesai/internal/logger/logger.go:38.58,41.16 2 0
github.com/archesai/archesai/internal/logger/logger.go:41.16,46.3 1 0
github.com/archesai/archesai/internal/logger/logger.go:48.2,50.5 1 0
github.com/archesai/archesai/internal/logger/logger.go:54.42,55.15 1 0
github.com/archesai/archesai/internal/logger/logger.go:56.24,57.25 1 0
github.com/archesai/archesai/internal/logger/logger.go:58.14,59.24 1 0
github.com/archesai/archesai/internal/logger/logger.go:60.14,61.24 1 0
github.com/archesai/archesai/internal/logger/logger.go:62.24,63.25 1 0
github.com/archesai/archesai/internal/logger/logger.go:64.16,66.29 1 0
github.com/archesai/archesai/internal/logger/logger.go:67.10,68.24 1 0
github.com/archesai/archesai/internal/database/database.go:28.31,29.11 1 0
github.com/archesai/archesai/internal/database/database.go:30.22,31.22 1 0
github.com/archesai/archesai/internal/database/database.go:32.18,33.18 1 0
github.com/archesai/archesai/internal/database/database.go:34.10,35.19 1 0
github.com/archesai/archesai/internal/database/database.go:103.41,104.11 1 0
github.com/archesai/archesai/internal/database/database.go:105.38,106.24 1 0
github.com/archesai/archesai/internal/database/database.go:107.27,108.20 1 0
github.com/archesai/archesai/internal/database/database.go:109.10,110.24 1 0
github.com/archesai/archesai/internal/database/database.go:115.41,116.86 1 0
github.com/archesai/archesai/internal/database/database.go:116.86,118.3 1 0
github.com/archesai/archesai/internal/database/database.go:119.2,119.94 1 0
github.com/archesai/archesai/internal/database/database.go:119.94,121.3 1 0
github.com/archesai/archesai/internal/database/database.go:122.2,122.23 1 0
github.com/archesai/archesai/internal/database/factory.go:16.47,20.2 1 0
github.com/archesai/archesai/internal/database/factory.go:23.72,24.16 1 0
github.com/archesai/archesai/internal/database/factory.go:24.16,26.3 1 0
github.com/archesai/archesai/internal/database/factory.go:29.2,30.20 2 0
github.com/archesai/archesai/internal/database/factory.go:30.20,32.3 1 0
github.com/archesai/archesai/internal/database/factory.go:32.8,34.3 1 0
github.com/archesai/archesai/internal/database/factory.go:36.2,36.16 1 0
github.com/archesai/archesai/internal/database/factory.go:37.22,38.38 1 0
github.com/archesai/archesai/internal/database/factory.go:39.18,40.34 1 0
github.com/archesai/archesai/internal/database/factory.go:41.10,42.66 1 0
github.com/archesai/archesai/internal/database/factory.go:48.63,56.2 3 0
github.com/archesai/archesai/internal/database/postgres.go:25.87,30.16 3 0
github.com/archesai/archesai/internal/database/postgres.go:30.16,32.3 1 0
github.com/archesai/archesai/internal/database/postgres.go:35.2,35.22 1 0
github.com/archesai/archesai/internal/database/postgres.go:35.22,37.3 1 0
github.com/archesai/archesai/internal/database/postgres.go:37.8,39.3 1 0
github.com/archesai/archesai/internal/database/postgres.go:41.2,41.22 1 0
github.com/archesai/archesai/internal/database/postgres.go:41.22,43.3 1 0
github.com/archesai/archesai/internal/database/postgres.go:43.8,45.3 1 0
github.com/archesai/archesai/internal/database/postgres.go:47.2,47.31 1 0
github.com/archesai/archesai/internal/database/postgres.go:47.31,49.17 2 0
github.com/archesai/archesai/internal/database/postgres.go:49.17,51.4 1 0
github.com/archesai/archesai/internal/database/postgres.go:54.2,54.31 1 0
github.com/archesai/archesai/internal/database/postgres.go:54.31,56.17 2 0
github.com/archesai/archesai/internal/database/postgres.go:56.17,58.4 1 0
github.com/archesai/archesai/internal/database/postgres.go:61.2,61.33 1 0
github.com/archesai/archesai/internal/database/postgres.go:61.33,63.17 2 0
github.com/archesai/archesai/internal/database/postgres.go:63.17,65.4 1 0
github.com/archesai/archesai/internal/database/postgres.go:69.2,70.16 2 0
github.com/archesai/archesai/internal/database/postgres.go:70.16,72.3 1 0
github.com/archesai/archesai/internal/database/postgres.go:75.2,75.39 1 0
github.com/archesai/archesai/internal/database/postgres.go:75.39,78.3 2 0
github.com/archesai/archesai/internal/database/postgres.go:81.2,82.16 2 0
github.com/archesai/archesai/internal/database/postgres.go:82.16,85.3 2 0
github.com/archesai/archesai/internal/database/postgres.go:87.2,96.8 2 0
github.com/archesai/archesai/internal/database/postgres.go:100.99,102.16 2 0
github.com/archesai/archesai/internal/database/postgres.go:102.16,104.3 1 0
github.com/archesai/archesai/internal/database/postgres.go:105.2,105.33 1 0
github.com/archesai/archesai/internal/database/postgres.go:109.92,111.2 1 0
github.com/archesai/archesai/internal/database/postgres.go:114.100,116.16 2 0
github.com/archesai/archesai/internal/database/postgres.go:116.16,118.3 1 0
github.com/archesai/archesai/internal/database/postgres.go:119.2,119.39 1 0
github.com/archesai/archesai/internal/database/postgres.go:123.71,125.16 2 0
github.com/archesai/archesai/internal/database/postgres.go:125.16,127.3 1 0
github.com/archesai/archesai/internal/database/postgres.go:128.2,128.36 1 0
github.com/archesai/archesai/internal/database/postgres.go:132.94,135.24 2 0
github.com/archesai/archesai/internal/database/postgres.go:136.24,137.31 1 0
github.com/archesai/archesai/internal/database/postgres.go:138.32,139.33 1 0
github.com/archesai/archesai/internal/database/postgres.go:140.30,141.31 1 0
github.com/archesai/archesai/internal/database/postgres.go:142.31,143.32 1 0
github.com/archesai/archesai/internal/database/postgres.go:144.29,145.30 1 0
github.com/archesai/archesai/internal/database/postgres.go:146.10,147.31 1 0
github.com/archesai/archesai/internal/database/postgres.go:150.2,155.16 2 0
github.com/archesai/archesai/internal/database/postgres.go:155.16,157.3 1 0
github.com/archesai/archesai/internal/database/postgres.go:158.2,158.36 1 0
github.com/archesai/archesai/internal/database/postgres.go:162.55,164.2 1 0
github.com/archesai/archesai/internal/database/postgres.go:167.37,170.21 3 0
github.com/archesai/archesai/internal/database/postgres.go:170.21,172.3 1 0
github.com/archesai/archesai/internal/database/postgres.go:173.2,173.12 1 0
github.com/archesai/archesai/internal/database/postgres.go:177.37,188.2 2 0
github.com/archesai/archesai/internal/database/postgres.go:191.35,193.2 1 0
github.com/archesai/archesai/internal/database/postgres.go:196.48,198.2 1 0
github.com/archesai/archesai/internal/database/postgres.go:201.42,203.2 1 0
github.com/archesai/archesai/internal/database/postgres.go:211.30,213.2 1 0
github.com/archesai/archesai/internal/database/postgres.go:215.50,217.2 1 0
github.com/archesai/archesai/internal/database/postgres.go:219.32,222.2 2 0
github.com/archesai/archesai/internal/database/postgres.go:224.30,226.2 1 0
github.com/archesai/archesai/internal/database/postgres.go:232.49,234.2 1 0
github.com/archesai/archesai/internal/database/postgres.go:240.50,242.2 1 0
github.com/archesai/archesai/internal/database/postgres.go:244.50,246.2 1 0
github.com/archesai/archesai/internal/database/postgres.go:252.101,254.16 2 0
github.com/archesai/archesai/internal/database/postgres.go:254.16,256.3 1 0
github.com/archesai/archesai/internal/database/postgres.go:257.2,257.33 1 0
github.com/archesai/archesai/internal/database/postgres.go:260.94,262.2 1 0
github.com/archesai/archesai/internal/database/postgres.go:264.102,266.16 2 0
github.com/archesai/archesai/internal/database/postgres.go:266.16,268.3 1 0
github.com/archesai/archesai/internal/database/postgres.go:269.2,269.39 1 0
github.com/archesai/archesai/internal/database/postgres.go:272.40,274.2 1 0
github.com/archesai/archesai/internal/database/postgres.go:276.42,278.2 1 0
github.com/archesai/archesai/internal/database/sqlite.go:21.83,26.19 3 0
github.com/archesai/archesai/internal/database/sqlite.go:26.19,28.3 1 0
github.com/archesai/archesai/internal/database/sqlite.go:31.2,32.16 2 0
github.com/archesai/archesai/internal/database/sqlite.go:32.16,34.3 1 0
github.com/archesai/archesai/internal/database/sqlite.go:38.2,41.61 3 0
github.com/archesai/archesai/internal/database/sqlite.go:41.61,43.17 2 0
github.com/archesai/archesai/internal/database/sqlite.go:43.17,45.4 1 0
github.com/archesai/archesai/internal/database/sqlite.go:48.2,48.61 1 0
github.com/archesai/archesai/internal/database/sqlite.go:48.61,50.17 2 0
github.com/archesai/archesai/internal/database/sqlite.go:50.17,52.4 1 0
github.com/archesai/archesai/internal/database/sqlite.go:56.2,56.44 1 0
github.com/archesai/archesai/internal/database/sqlite.go:56.44,59.3 2 0
github.com/archesai/archesai/internal/database/sqlite.go:62.2,62.51 1 0
github.com/archesai/archesai/internal/database/sqlite.go:62.51,65.3 2 0
github.com/archesai/archesai/internal/database/sqlite.go:67.2,74.8 2 0
github.com/archesai/archesai/internal/database/sqlite.go:78.47,87.33 2 0
github.com/archesai/archesai/internal/database/sqlite.go:87.33,88.44 1 0
github.com/archesai/archesai/internal/database/sqlite.go:88.44,90.4 1 0
github.com/archesai/archesai/internal/database/sqlite.go:93.2,93.12 1 0
github.com/archesai/archesai/internal/database/sqlite.go:97.95,99.16 2 0
github.com/archesai/archesai/internal/database/sqlite.go:99.16,101.3 1 0
github.com/archesai/archesai/internal/database/sqlite.go:102.2,102.34 1 0
github.com/archesai/archesai/internal/database/sqlite.go:106.88,108.2 1 0
github.com/archesai/archesai/internal/database/sqlite.go:111.96,113.2 1 0
github.com/archesai/archesai/internal/database/sqlite.go:116.67,118.16 2 0
github.com/archesai/archesai/internal/database/sqlite.go:118.16,120.3 1 0
github.com/archesai/archesai/internal/database/sqlite.go:121.2,121.37 1 0
github.com/archesai/archesai/internal/database/sqlite.go:125.90,127.16 2 0
github.com/archesai/archesai/internal/database/sqlite.go:127.16,129.3 1 0
github.com/archesai/archesai/internal/database/sqlite.go:130.2,130.37 1 0
github.com/archesai/archesai/internal/database/sqlite.go:134.51,136.2 1 0
github.com/archesai/archesai/internal/database/sqlite.go:139.33,142.2 2 0
github.com/archesai/archesai/internal/database/sqlite.go:145.33,156.2 2 0
github.com/archesai/archesai/internal/database/sqlite.go:159.31,161.2 1 0
github.com/archesai/archesai/internal/database/sqlite.go:164.44,166.2 1 0
github.com/archesai/archesai/internal/database/sqlite.go:174.31,176.2 1 0
github.com/archesai/archesai/internal/database/sqlite.go:178.51,180.2 1 0
github.com/archesai/archesai/internal/database/sqlite.go:182.33,184.2 1 0
github.com/archesai/archesai/internal/database/sqlite.go:186.31,188.2 1 0
github.com/archesai/archesai/internal/database/sqlite.go:194.50,196.2 1 0
github.com/archesai/archesai/internal/database/sqlite.go:202.102,204.16 2 0
github.com/archesai/archesai/internal/database/sqlite.go:204.16,206.3 1 0
github.com/archesai/archesai/internal/database/sqlite.go:207.2,207.34 1 0
github.com/archesai/archesai/internal/database/sqlite.go:210.95,212.2 1 0
github.com/archesai/archesai/internal/database/sqlite.go:214.103,216.2 1 0
github.com/archesai/archesai/internal/database/sqlite.go:218.41,220.2 1 0
github.com/archesai/archesai/internal/database/sqlite.go:222.43,224.2 1 0
github.com/archesai/archesai/internal/testutil/containers.go:31.83,45.16 3 0
github.com/archesai/archesai/internal/testutil/containers.go:45.16,47.3 1 0
github.com/archesai/archesai/internal/testutil/containers.go:49.2,50.16 2 0
github.com/archesai/archesai/internal/testutil/containers.go:50.16,52.3 1 0
github.com/archesai/archesai/internal/testutil/containers.go:54.2,55.16 2 0
github.com/archesai/archesai/internal/testutil/containers.go:55.16,57.3 1 0
github.com/archesai/archesai/internal/testutil/containers.go:59.2,62.16 3 0
github.com/archesai/archesai/internal/testutil/containers.go:62.16,64.3 1 0
github.com/archesai/archesai/internal/testutil/containers.go:66.2,73.19 2 0
github.com/archesai/archesai/internal/testutil/containers.go:73.19,75.3 1 0
github.com/archesai/archesai/internal/testutil/containers.go:77.2,77.11 1 0
github.com/archesai/archesai/internal/testutil/containers.go:81.73,83.16 2 0
github.com/archesai/archesai/internal/testutil/containers.go:83.16,85.3 1 0
github.com/archesai/archesai/internal/testutil/containers.go:86.2,86.15 1 0
github.com/archesai/archesai/internal/testutil/containers.go:86.15,86.33 1 0
github.com/archesai/archesai/internal/testutil/containers.go:89.2,94.53 4 0
github.com/archesai/archesai/internal/testutil/containers.go:94.53,96.3 1 0
github.com/archesai/archesai/internal/testutil/containers.go:99.2,99.53 1 0
github.com/archesai/archesai/internal/testutil/containers.go:99.53,101.3 1 0
github.com/archesai/archesai/internal/testutil/containers.go:103.2,103.12 1 0
github.com/archesai/archesai/internal/testutil/containers.go:107.62,108.20 1 0
github.com/archesai/archesai/internal/testutil/containers.go:108.20,110.3 1 0
github.com/archesai/archesai/internal/testutil/containers.go:111.2,111.25 1 0
github.com/archesai/archesai/internal/testutil/containers.go:111.25,113.3 1 0
github.com/archesai/archesai/internal/testutil/containers.go:114.2,114.12 1 0
github.com/archesai/archesai/internal/testutil/containers.go:125.77,136.16 3 0
github.com/archesai/archesai/internal/testutil/containers.go:136.16,145.17 2 0
github.com/archesai/archesai/internal/testutil/containers.go:145.17,147.4 1 0
github.com/archesai/archesai/internal/testutil/containers.go:150.2,151.16 2 0
github.com/archesai/archesai/internal/testutil/containers.go:151.16,153.3 1 0
github.com/archesai/archesai/internal/testutil/containers.go:155.2,156.16 2 0
github.com/archesai/archesai/internal/testutil/containers.go:156.16,158.3 1 0
github.com/archesai/archesai/internal/testutil/containers.go:160.2,167.47 3 0
github.com/archesai/archesai/internal/testutil/containers.go:167.47,169.3 1 0
github.com/archesai/archesai/internal/testutil/containers.go:171.2,178.19 2 0
github.com/archesai/archesai/internal/testutil/containers.go:178.19,180.3 1 0
github.com/archesai/archesai/internal/testutil/containers.go:182.2,182.11 1 0
github.com/archesai/archesai/internal/testutil/containers.go:186.59,187.22 1 0
github.com/archesai/archesai/internal/testutil/containers.go:187.22,188.43 1 0
github.com/archesai/archesai/internal/testutil/containers.go:188.43,190.4 1 0
github.com/archesai/archesai/internal/testutil/containers.go:192.2,192.25 1 0
github.com/archesai/archesai/internal/testutil/containers.go:192.25,194.3 1 0
github.com/archesai/archesai/internal/testutil/containers.go:195.2,195.12 1 0
github.com/archesai/archesai/internal/tui/config_tui.go:42.38,104.2 1 0
github.com/archesai/archesai/internal/tui/config_tui.go:107.35,133.2 8 0
github.com/archesai/archesai/internal/tui/config_tui.go:136.37,138.2 1 0
github.com/archesai/archesai/internal/tui/config_tui.go:141.63,142.27 1 0
github.com/archesai/archesai/internal/tui/config_tui.go:143.18,144.19 1 0
github.com/archesai/archesai/internal/tui/config_tui.go:145.33,146.33 1 0
github.com/archesai/archesai/internal/tui/config_tui.go:146.33,149.5 2 0
github.com/archesai/archesai/internal/tui/config_tui.go:150.4,150.22 1 0
github.com/archesai/archesai/internal/tui/config_tui.go:152.18,153.55 1 0
github.com/archesai/archesai/internal/tui/config_tui.go:153.55,155.5 1 0
github.com/archesai/archesai/internal/tui/config_tui.go:157.20,158.71 1 0
github.com/archesai/archesai/internal/tui/config_tui.go:158.71,160.5 1 0
github.com/archesai/archesai/internal/tui/config_tui.go:162.21,163.33 1 0
github.com/archesai/archesai/internal/tui/config_tui.go:163.33,164.27 1 0
github.com/archesai/archesai/internal/tui/config_tui.go:165.12,166.32 1 0
github.com/archesai/archesai/internal/tui/config_tui.go:167.12,168.30 1 0
github.com/archesai/archesai/internal/tui/config_tui.go:169.12,170.28 1 0
github.com/archesai/archesai/internal/tui/config_tui.go:171.12,172.29 1 0
github.com/archesai/archesai/internal/tui/config_tui.go:173.12,174.31 1 0
github.com/archesai/archesai/internal/tui/config_tui.go:175.12,176.30 1 0
github.com/archesai/archesai/internal/tui/config_tui.go:177.12,178.30 1 0
github.com/archesai/archesai/internal/tui/config_tui.go:179.12,180.27 1 0
github.com/archesai/archesai/internal/tui/config_tui.go:185.25,187.24 2 0
github.com/archesai/archesai/internal/tui/config_tui.go:190.2,190.15 1 0
github.com/archesai/archesai/internal/tui/config_tui.go:194.36,195.35 1 0
github.com/archesai/archesai/internal/tui/config_tui.go:195.35,197.3 1 0
github.com/archesai/archesai/internal/tui/config_tui.go:199.2,208.23 6 0
github.com/archesai/archesai/internal/tui/config_tui.go:209.16,210.31 1 0
github.com/archesai/archesai/internal/tui/config_tui.go:211.18,212.35 1 0
github.com/archesai/archesai/internal/tui/config_tui.go:213.16,214.33 1 0
github.com/archesai/archesai/internal/tui/config_tui.go:215.14,216.31 1 0
github.com/archesai/archesai/internal/tui/config_tui.go:217.15,218.32 1 0
github.com/archesai/archesai/internal/tui/config_tui.go:219.17,220.34 1 0
github.com/archesai/archesai/internal/tui/config_tui.go:221.16,222.33 1 0
github.com/archesai/archesai/internal/tui/config_tui.go:223.16,224.33 1 0
github.com/archesai/archesai/internal/tui/config_tui.go:225.13,226.30 1 0
github.com/archesai/archesai/internal/tui/config_tui.go:230.2,239.67 6 0
github.com/archesai/archesai/internal/tui/config_tui.go:239.67,241.3 1 0
github.com/archesai/archesai/internal/tui/config_tui.go:243.2,245.60 2 0
github.com/archesai/archesai/internal/tui/config_tui.go:249.42,260.37 5 0
github.com/archesai/archesai/internal/tui/config_tui.go:260.37,262.26 2 0
github.com/archesai/archesai/internal/tui/config_tui.go:262.26,265.4 1 0
github.com/archesai/archesai/internal/tui/config_tui.go:265.9,268.4 1 0
github.com/archesai/archesai/internal/tui/config_tui.go:269.3,272.28 2 0
github.com/archesai/archesai/internal/tui/config_tui.go:272.28,274.4 1 0
github.com/archesai/archesai/internal/tui/config_tui.go:277.2,281.18 3 0
github.com/archesai/archesai/internal/tui/config_tui.go:281.18,283.3 1 0
github.com/archesai/archesai/internal/tui/config_tui.go:285.2,287.15 1 0
github.com/archesai/archesai/internal/tui/config_tui.go:291.46,312.22 14 0
github.com/archesai/archesai/internal/tui/config_tui.go:312.22,314.3 1 0
github.com/archesai/archesai/internal/tui/config_tui.go:315.2,320.16 4 0
github.com/archesai/archesai/internal/tui/config_tui.go:321.18,322.79 1 0
github.com/archesai/archesai/internal/tui/config_tui.go:323.16,324.75 1 0
github.com/archesai/archesai/internal/tui/config_tui.go:325.10,326.81 1 0
github.com/archesai/archesai/internal/tui/config_tui.go:330.2,331.18 2 0
github.com/archesai/archesai/internal/tui/config_tui.go:331.18,333.3 1 0
github.com/archesai/archesai/internal/tui/config_tui.go:335.2,335.67 1 0
github.com/archesai/archesai/internal/tui/config_tui.go:339.73,340.33 1 0
github.com/archesai/archesai/internal/tui/config_tui.go:340.33,342.3 1 0
github.com/archesai/archesai/internal/tui/config_tui.go:342.8,344.3 1 0
github.com/archesai/archesai/internal/tui/config_tui.go:346.2,351.48 2 0
github.com/archesai/archesai/internal/tui/config_tui.go:355.44,367.22 9 0
github.com/archesai/archesai/internal/tui/config_tui.go:367.22,368.34 1 0
github.com/archesai/archesai/internal/tui/config_tui.go:368.34,369.14 1 0
github.com/archesai/archesai/internal/tui/config_tui.go:369.14,371.5 1 0
github.com/archesai/archesai/internal/tui/config_tui.go:371.10,373.5 1 0
github.com/archesai/archesai/internal/tui/config_tui.go:375.8,377.3 1 0
github.com/archesai/archesai/internal/tui/config_tui.go:379.2,381.13 3 0
github.com/archesai/archesai/internal/tui/config_tui.go:381.13,383.3 1 0
github.com/archesai/archesai/internal/tui/config_tui.go:383.8,385.3 1 0
github.com/archesai/archesai/internal/tui/config_tui.go:386.2,390.18 3 0
github.com/archesai/archesai/internal/tui/config_tui.go:390.18,392.3 1 0
github.com/archesai/archesai/internal/tui/config_tui.go:394.2,394.67 1 0
github.com/archesai/archesai/internal/tui/config_tui.go:398.42,405.15 5 0
github.com/archesai/archesai/internal/tui/config_tui.go:405.15,407.3 1 0
github.com/archesai/archesai/internal/tui/config_tui.go:407.8,409.3 1 0
github.com/archesai/archesai/internal/tui/config_tui.go:410.2,416.19 4 0
github.com/archesai/archesai/internal/tui/config_tui.go:416.19,418.3 1 0
github.com/archesai/archesai/internal/tui/config_tui.go:418.8,420.3 1 0
github.com/archesai/archesai/internal/tui/config_tui.go:423.2,424.19 2 0
github.com/archesai/archesai/internal/tui/config_tui.go:424.19,426.3 1 0
github.com/archesai/archesai/internal/tui/config_tui.go:426.8,428.3 1 0
github.com/archesai/archesai/internal/tui/config_tui.go:431.2,432.18 2 0
github.com/archesai/archesai/internal/tui/config_tui.go:432.18,434.3 1 0
github.com/archesai/archesai/internal/tui/config_tui.go:436.2,436.67 1 0
github.com/archesai/archesai/internal/tui/config_tui.go:440.43,451.17 8 0
github.com/archesai/archesai/internal/tui/config_tui.go:451.17,453.3 1 0
github.com/archesai/archesai/internal/tui/config_tui.go:453.8,455.3 1 0
github.com/archesai/archesai/internal/tui/config_tui.go:457.2,463.18 5 0
github.com/archesai/archesai/internal/tui/config_tui.go:463.18,465.3 1 0
github.com/archesai/archesai/internal/tui/config_tui.go:467.2,467.67 1 0
github.com/archesai/archesai/internal/tui/config_tui.go:471.45,482.15 8 0
github.com/archesai/archesai/internal/tui/config_tui.go:482.15,486.3 3 0
github.com/archesai/archesai/internal/tui/config_tui.go:486.8,488.3 1 0
github.com/archesai/archesai/internal/tui/config_tui.go:491.2,492.18 2 0
github.com/archesai/archesai/internal/tui/config_tui.go:492.18,494.3 1 0
github.com/archesai/archesai/internal/tui/config_tui.go:496.2,496.67 1 0
github.com/archesai/archesai/internal/tui/config_tui.go:500.44,508.21 5 0
github.com/archesai/archesai/internal/tui/config_tui.go:508.21,511.3 2 0
github.com/archesai/archesai/internal/tui/config_tui.go:511.8,513.3 1 0
github.com/archesai/archesai/internal/tui/config_tui.go:515.2,517.21 3 0
github.com/archesai/archesai/internal/tui/config_tui.go:517.21,520.3 2 0
github.com/archesai/archesai/internal/tui/config_tui.go:520.8,522.3 1 0
github.com/archesai/archesai/internal/tui/config_tui.go:524.2,526.21 3 0
github.com/archesai/archesai/internal/tui/config_tui.go:526.21,528.3 1 0
github.com/archesai/archesai/internal/tui/config_tui.go:528.8,530.3 1 0
github.com/archesai/archesai/internal/tui/config_tui.go:532.2,534.22 3 0
github.com/archesai/archesai/internal/tui/config_tui.go:534.22,537.3 2 0
github.com/archesai/archesai/internal/tui/config_tui.go:537.8,539.3 1 0
github.com/archesai/archesai/internal/tui/config_tui.go:542.2,553.18 10 0
github.com/archesai/archesai/internal/tui/config_tui.go:553.18,555.3 1 0
github.com/archesai/archesai/internal/tui/config_tui.go:557.2,557.67 1 0
github.com/archesai/archesai/internal/tui/config_tui.go:561.44,569.13 5 0
github.com/archesai/archesai/internal/tui/config_tui.go:570.20,571.79 1 0
github.com/archesai/archesai/internal/tui/config_tui.go:572.21,573.82 1 0
github.com/archesai/archesai/internal/tui/config_tui.go:574.10,575.79 1 0
github.com/archesai/archesai/internal/tui/config_tui.go:579.2,580.15 2 0
github.com/archesai/archesai/internal/tui/config_tui.go:580.15,582.3 1 0
github.com/archesai/archesai/internal/tui/config_tui.go:582.8,584.3 1 0
github.com/archesai/archesai/internal/tui/config_tui.go:587.2,589.22 3 0
github.com/archesai/archesai/internal/tui/config_tui.go:589.22,591.3 1 0
github.com/archesai/archesai/internal/tui/config_tui.go:591.8,593.3 1 0
github.com/archesai/archesai/internal/tui/config_tui.go:596.2,603.18 6 0
github.com/archesai/archesai/internal/tui/config_tui.go:603.18,605.3 1 0
github.com/archesai/archesai/internal/tui/config_tui.go:607.2,607.67 1 0
github.com/archesai/archesai/internal/tui/config_tui.go:611.41,619.17 5 0
github.com/archesai/archesai/internal/tui/config_tui.go:619.17,621.3 1 0
github.com/archesai/archesai/internal/tui/config_tui.go:621.8,623.3 1 0
github.com/archesai/archesai/internal/tui/config_tui.go:626.2,638.33 3 0
github.com/archesai/archesai/internal/tui/config_tui.go:638.33,640.18 2 0
github.com/archesai/archesai/internal/tui/config_tui.go:640.18,642.4 1 0
github.com/archesai/archesai/internal/tui/config_tui.go:642.9,644.4 1 0
github.com/archesai/archesai/internal/tui/config_tui.go:648.2,654.18 5 0
github.com/archesai/archesai/internal/tui/config_tui.go:654.18,656.3 1 0
github.com/archesai/archesai/internal/tui/config_tui.go:658.2,658.67 1 0
github.com/archesai/archesai/internal/tui/tui.go:52.26,104.2 1 0
github.com/archesai/archesai/internal/tui/tui.go:107.72,109.23 2 0
github.com/archesai/archesai/internal/tui/tui.go:109.23,111.3 1 0
github.com/archesai/archesai/internal/tui/tui.go:113.2,119.3 1 0
github.com/archesai/archesai/internal/tui/tui.go:123.31,128.2 1 0
github.com/archesai/archesai/internal/tui/tui.go:131.57,132.27 1 0
github.com/archesai/archesai/internal/tui/tui.go:133.18,134.31 1 0
github.com/archesai/archesai/internal/tui/tui.go:136.25,139.16 3 0
github.com/archesai/archesai/internal/tui/tui.go:141.19,143.21 2 0
github.com/archesai/archesai/internal/tui/tui.go:143.21,146.4 2 0
github.com/archesai/archesai/internal/tui/tui.go:147.3,148.51 2 0
github.com/archesai/archesai/internal/tui/tui.go:148.51,150.4 1 0
github.com/archesai/archesai/internal/tui/tui.go:151.3,156.16 2 0
github.com/archesai/archesai/internal/tui/tui.go:158.17,163.16 2 0
github.com/archesai/archesai/internal/tui/tui.go:166.2,166.15 1 0
github.com/archesai/archesai/internal/tui/tui.go:170.30,171.35 1 0
github.com/archesai/archesai/internal/tui/tui.go:171.35,173.3 1 0
github.com/archesai/archesai/internal/tui/tui.go:175.2,182.50 4 0
github.com/archesai/archesai/internal/tui/tui.go:182.50,185.3 2 0
github.com/archesai/archesai/internal/tui/tui.go:188.2,188.21 1 0
github.com/archesai/archesai/internal/tui/tui.go:188.21,190.3 1 0
github.com/archesai/archesai/internal/tui/tui.go:193.2,197.18 3 0
github.com/archesai/archesai/internal/tui/tui.go:197.18,200.3 2 0
github.com/archesai/archesai/internal/tui/tui.go:203.2,203.20 1 0
github.com/archesai/archesai/internal/tui/tui.go:203.20,206.3 2 0
github.com/archesai/archesai/internal/tui/tui.go:209.2,218.58 7 0
github.com/archesai/archesai/internal/tui/tui.go:222.68,223.18 1 0
github.com/archesai/archesai/internal/tui/tui.go:224.20,225.21 1 0
github.com/archesai/archesai/internal/tui/tui.go:227.18,229.16 2 0
github.com/archesai/archesai/internal/tui/tui.go:231.17,232.45 1 0
github.com/archesai/archesai/internal/tui/tui.go:232.45,234.4 1 0
github.com/archesai/archesai/internal/tui/tui.go:235.3,235.16 1 0
github.com/archesai/archesai/internal/tui/tui.go:237.19,238.61 1 0
github.com/archesai/archesai/internal/tui/tui.go:238.61,240.4 1 0
github.com/archesai/archesai/internal/tui/tui.go:241.3,241.16 1 0
github.com/archesai/archesai/internal/tui/tui.go:243.20,244.22 1 0
github.com/archesai/archesai/internal/tui/tui.go:244.22,246.41 1 0
github.com/archesai/archesai/internal/tui/tui.go:246.41,250.5 3 0
github.com/archesai/archesai/internal/tui/tui.go:251.9,251.46 1 0
github.com/archesai/archesai/internal/tui/tui.go:251.46,261.4 5 0
github.com/archesai/archesai/internal/tui/tui.go:262.3,262.16 1 0
github.com/archesai/archesai/internal/tui/tui.go:264.24,265.23 1 0
github.com/archesai/archesai/internal/tui/tui.go:265.23,267.4 1 0
github.com/archesai/archesai/internal/tui/tui.go:268.3,268.16 1 0
github.com/archesai/archesai/internal/tui/tui.go:270.10,271.31 1 0
github.com/archesai/archesai/internal/tui/tui.go:271.31,273.4 1 0
github.com/archesai/archesai/internal/tui/tui.go:276.2,276.15 1 0
github.com/archesai/archesai/internal/tui/tui.go:280.40,284.25 3 0
github.com/archesai/archesai/internal/tui/tui.go:284.25,286.3 1 0
github.com/archesai/archesai/internal/tui/tui.go:288.2,288.33 1 0
github.com/archesai/archesai/internal/tui/tui.go:288.33,290.19 2 0
github.com/archesai/archesai/internal/tui/tui.go:291.15,292.55 1 0
github.com/archesai/archesai/internal/tui/tui.go:293.20,295.23 2 0
github.com/archesai/archesai/internal/tui/tui.go:295.23,297.5 1 0
github.com/archesai/archesai/internal/tui/tui.go:298.4,299.42 1 0
github.com/archesai/archesai/internal/tui/tui.go:300.17,301.60 1 0
github.com/archesai/archesai/internal/tui/tui.go:303.3,303.38 1 0
github.com/archesai/archesai/internal/tui/tui.go:306.2,314.19 3 0
github.com/archesai/archesai/internal/tui/tui.go:318.41,320.37 2 0
github.com/archesai/archesai/internal/tui/tui.go:320.37,322.27 2 0
github.com/archesai/archesai/internal/tui/tui.go:322.27,324.4 1 0
github.com/archesai/archesai/internal/tui/tui.go:325.3,325.30 1 0
github.com/archesai/archesai/internal/tui/tui.go:328.2,329.59 2 0
github.com/archesai/archesai/internal/tui/tui.go:333.52,334.24 1 0
github.com/archesai/archesai/internal/tui/tui.go:334.24,335.46 1 0
github.com/archesai/archesai/internal/tui/tui.go:335.46,339.4 1 0
github.com/archesai/archesai/internal/tui/tui.go:342.3,343.17 2 0
github.com/archesai/archesai/internal/tui/tui.go:343.17,345.4 1 0
github.com/archesai/archesai/internal/tui/tui.go:347.3,347.48 1 0
github.com/archesai/archesai/internal/tui/tui.go:352.57,353.24 1 0
github.com/archesai/archesai/internal/tui/tui.go:353.24,355.3 1 0
github.com/archesai/archesai/internal/cache/memory.go:21.46,25.2 1 0
github.com/archesai/archesai/internal/cache/memory.go:28.73,33.13 4 0
github.com/archesai/archesai/internal/cache/memory.go:33.13,35.3 1 0
github.com/archesai/archesai/internal/cache/memory.go:38.2,38.66 1 0
github.com/archesai/archesai/internal/cache/memory.go:38.66,40.3 1 0
github.com/archesai/archesai/internal/cache/memory.go:42.2,42.24 1 0
github.com/archesai/archesai/internal/cache/memory.go:46.96,51.13 4 0
github.com/archesai/archesai/internal/cache/memory.go:51.13,53.3 1 0
github.com/archesai/archesai/internal/cache/memory.go:55.2,60.12 2 0
github.com/archesai/archesai/internal/cache/memory.go:64.70,70.2 4 0
github.com/archesai/archesai/internal/cache/memory.go:73.78,78.13 4 0
github.com/archesai/archesai/internal/cache/memory.go:78.13,80.3 1 0
github.com/archesai/archesai/internal/cache/memory.go:83.2,83.66 1 0
github.com/archesai/archesai/internal/cache/memory.go:83.66,85.3 1 0
github.com/archesai/archesai/internal/cache/memory.go:87.2,87.18 1 0
github.com/archesai/archesai/internal/cache/memory.go:91.57,97.2 4 0
github.com/archesai/archesai/internal/cache/memory.go:100.91,107.27 5 0
github.com/archesai/archesai/internal/cache/memory.go:107.27,109.14 2 0
github.com/archesai/archesai/internal/cache/memory.go:109.14,110.12 1 0
github.com/archesai/archesai/internal/cache/memory.go:114.3,114.60 1 0
github.com/archesai/archesai/internal/cache/memory.go:114.60,115.12 1 0
github.com/archesai/archesai/internal/cache/memory.go:118.3,118.27 1 0
github.com/archesai/archesai/internal/cache/memory.go:121.2,121.20 1 0
github.com/archesai/archesai/internal/cache/memory.go:125.99,130.13 4 0
github.com/archesai/archesai/internal/cache/memory.go:130.13,132.3 1 0
github.com/archesai/archesai/internal/cache/memory.go:134.2,134.32 1 0
github.com/archesai/archesai/internal/cache/memory.go:134.32,139.3 1 0
github.com/archesai/archesai/internal/cache/memory.go:141.2,141.12 1 0
github.com/archesai/archesai/internal/cache/memory.go:145.77,149.27 3 0
github.com/archesai/archesai/internal/cache/memory.go:149.27,151.3 1 0
github.com/archesai/archesai/internal/cache/memory.go:153.2,153.12 1 0
github.com/archesai/archesai/internal/cache/noop.go:16.42,18.2 1 0
github.com/archesai/archesai/internal/cache/noop.go:21.69,23.2 1 0
github.com/archesai/archesai/internal/cache/noop.go:26.86,28.2 1 0
github.com/archesai/archesai/internal/cache/noop.go:31.66,33.2 1 0
github.com/archesai/archesai/internal/cache/noop.go:36.74,38.2 1 0
github.com/archesai/archesai/internal/cache/noop.go:41.55,43.2 1 0
github.com/archesai/archesai/internal/cache/redis.go:20.82,25.2 1 0
github.com/archesai/archesai/internal/cache/redis.go:28.54,29.23 1 0
github.com/archesai/archesai/internal/cache/redis.go:29.23,31.3 1 0
github.com/archesai/archesai/internal/cache/redis.go:32.2,32.12 1 0
github.com/archesai/archesai/internal/cache/redis.go:36.74,38.16 2 0
github.com/archesai/archesai/internal/cache/redis.go:38.16,39.32 1 0
github.com/archesai/archesai/internal/cache/redis.go:39.32,41.4 1 0
github.com/archesai/archesai/internal/cache/redis.go:42.3,42.47 1 0
github.com/archesai/archesai/internal/cache/redis.go:45.2,46.53 2 0
github.com/archesai/archesai/internal/cache/redis.go:46.53,48.3 1 0
github.com/archesai/archesai/internal/cache/redis.go:50.2,50.20 1 0
github.com/archesai/archesai/internal/cache/redis.go:54.97,55.18 1 0
github.com/archesai/archesai/internal/cache/redis.go:55.18,57.3 1 0
github.com/archesai/archesai/internal/cache/redis.go:59.2,60.16 2 0
github.com/archesai/archesai/internal/cache/redis.go:60.16,62.3 1 0
github.com/archesai/archesai/internal/cache/redis.go:64.2,64.77 1 0
github.com/archesai/archesai/internal/cache/redis.go:64.77,66.3 1 0
github.com/archesai/archesai/internal/cache/redis.go:68.2,68.12 1 0
github.com/archesai/archesai/internal/cache/redis.go:72.71,73.66 1 0
github.com/archesai/archesai/internal/cache/redis.go:73.66,75.3 1 0
github.com/archesai/archesai/internal/cache/redis.go:76.2,76.12 1 0
github.com/archesai/archesai/internal/cache/redis.go:80.79,82.16 2 0
github.com/archesai/archesai/internal/cache/redis.go:82.16,84.3 1 0
github.com/archesai/archesai/internal/cache/redis.go:85.2,85.23 1 0
github.com/archesai/archesai/internal/cache/redis.go:89.58,90.23 1 0
github.com/archesai/archesai/internal/cache/redis.go:90.23,92.3 1 0
github.com/archesai/archesai/internal/cache/redis.go:94.2,98.21 4 0
github.com/archesai/archesai/internal/cache/redis.go:98.21,100.3 1 0
github.com/archesai/archesai/internal/cache/redis.go:102.2,102.35 1 0
github.com/archesai/archesai/internal/cache/redis.go:102.35,104.3 1 0
github.com/archesai/archesai/internal/cache/redis.go:106.2,106.19 1 0
github.com/archesai/archesai/internal/cache/redis.go:106.19,107.58 1 0
github.com/archesai/archesai/internal/cache/redis.go:107.58,109.4 1 0
github.com/archesai/archesai/internal/cache/redis.go:112.2,112.12 1 0
github.com/archesai/archesai/internal/cache/redis.go:116.92,117.20 1 0
github.com/archesai/archesai/internal/cache/redis.go:117.20,119.3 1 0
github.com/archesai/archesai/internal/cache/redis.go:122.2,123.27 2 0
github.com/archesai/archesai/internal/cache/redis.go:123.27,125.3 1 0
github.com/archesai/archesai/internal/cache/redis.go:128.2,129.16 2 0
github.com/archesai/archesai/internal/cache/redis.go:129.16,131.3 1 0
github.com/archesai/archesai/internal/cache/redis.go:134.2,135.29 2 0
github.com/archesai/archesai/internal/cache/redis.go:135.29,136.17 1 0
github.com/archesai/archesai/internal/cache/redis.go:136.17,137.12 1 0
github.com/archesai/archesai/internal/cache/redis.go:140.3,141.10 2 0
github.com/archesai/archesai/internal/cache/redis.go:141.10,142.12 1 0
github.com/archesai/archesai/internal/cache/redis.go:145.3,146.62 2 0
github.com/archesai/archesai/internal/cache/redis.go:146.62,147.12 1 0
github.com/archesai/archesai/internal/cache/redis.go:150.3,150.27 1 0
github.com/archesai/archesai/internal/cache/redis.go:153.2,153.20 1 0
github.com/archesai/archesai/internal/cache/redis.go:157.100,158.21 1 0
github.com/archesai/archesai/internal/cache/redis.go:158.21,160.3 1 0
github.com/archesai/archesai/internal/cache/redis.go:162.2,164.32 2 0
github.com/archesai/archesai/internal/cache/redis.go:164.32,165.19 1 0
github.com/archesai/archesai/internal/cache/redis.go:165.19,166.12 1 0
github.com/archesai/archesai/internal/cache/redis.go:169.3,170.17 2 0
github.com/archesai/archesai/internal/cache/redis.go:170.17,171.12 1 0
github.com/archesai/archesai/internal/cache/redis.go:174.3,174.45 1 0
github.com/archesai/archesai/internal/cache/redis.go:177.2,178.16 2 0
github.com/archesai/archesai/internal/cache/redis.go:178.16,180.3 1 0
github.com/archesai/archesai/internal/cache/redis.go:182.2,182.12 1 0
github.com/archesai/archesai/internal/cache/redis.go:186.78,187.20 1 0
github.com/archesai/archesai/internal/cache/redis.go:187.20,189.3 1 0
github.com/archesai/archesai/internal/cache/redis.go:191.2,192.27 2 0
github.com/archesai/archesai/internal/cache/redis.go:192.27,194.3 1 0
github.com/archesai/archesai/internal/cache/redis.go:196.2,196.66 1 0
github.com/archesai/archesai/internal/cache/redis.go:196.66,198.3 1 0
github.com/archesai/archesai/internal/cache/redis.go:200.2,200.12 1 0
github.com/archesai/archesai/internal/cli/all.go:39.13,48.90 5 0
github.com/archesai/archesai/internal/cli/all.go:48.90,50.3 1 0
github.com/archesai/archesai/internal/cli/all.go:51.2,51.90 1 0
github.com/archesai/archesai/internal/cli/all.go:51.90,53.3 1 0
github.com/archesai/archesai/internal/cli/all.go:54.2,54.87 1 0
github.com/archesai/archesai/internal/cli/all.go:54.87,56.3 1 0
github.com/archesai/archesai/internal/cli/all.go:59.49,64.16 3 0
github.com/archesai/archesai/internal/cli/all.go:64.16,66.3 1 0
github.com/archesai/archesai/internal/cli/all.go:69.2,69.32 1 0
github.com/archesai/archesai/internal/cli/all.go:69.32,71.3 1 0
github.com/archesai/archesai/internal/cli/all.go:72.2,72.32 1 0
github.com/archesai/archesai/internal/cli/all.go:72.32,74.3 1 0
github.com/archesai/archesai/internal/cli/all.go:77.2,78.16 2 0
github.com/archesai/archesai/internal/cli/all.go:78.16,80.3 1 0
github.com/archesai/archesai/internal/cli/all.go:81.2,81.15 1 0
github.com/archesai/archesai/internal/cli/all.go:81.15,82.46 1 0
github.com/archesai/archesai/internal/cli/all.go:82.46,84.4 1 0
github.com/archesai/archesai/internal/cli/all.go:88.2,95.12 4 0
github.com/archesai/archesai/internal/cli/all.go:95.12,98.93 3 0
github.com/archesai/archesai/internal/cli/all.go:98.93,100.4 1 0
github.com/archesai/archesai/internal/cli/all.go:104.2,108.12 3 0
github.com/archesai/archesai/internal/cli/all.go:108.12,113.3 3 0
github.com/archesai/archesai/internal/cli/all.go:116.2,117.12 2 0
github.com/archesai/archesai/internal/cli/all.go:117.12,121.3 2 0
github.com/archesai/archesai/internal/cli/all.go:124.2,128.9 3 0
github.com/archesai/archesai/internal/cli/all.go:129.24,131.13 2 0
github.com/archesai/archesai/internal/cli/all.go:132.14,137.67 4 0
github.com/archesai/archesai/internal/cli/all.go:137.67,139.4 1 0
github.com/archesai/archesai/internal/cli/all.go:143.2,145.12 3 0
github.com/archesai/archesai/internal/cli/api.go:40.13,48.86 4 0
github.com/archesai/archesai/internal/cli/api.go:48.86,50.3 1 0
github.com/archesai/archesai/internal/cli/api.go:51.2,51.86 1 0
github.com/archesai/archesai/internal/cli/api.go:51.86,53.3 1 0
github.com/archesai/archesai/internal/cli/api.go:56.51,59.16 2 0
github.com/archesai/archesai/internal/cli/api.go:59.16,61.3 1 0
github.com/archesai/archesai/internal/cli/api.go:64.2,64.33 1 0
github.com/archesai/archesai/internal/cli/api.go:64.33,66.3 1 0
github.com/archesai/archesai/internal/cli/api.go:67.2,67.33 1 0
github.com/archesai/archesai/internal/cli/api.go:67.33,69.3 1 0
github.com/archesai/archesai/internal/cli/api.go:72.2,73.16 2 0
github.com/archesai/archesai/internal/cli/api.go:73.16,75.3 1 0
github.com/archesai/archesai/internal/cli/api.go:76.2,76.15 1 0
github.com/archesai/archesai/internal/cli/api.go:76.15,77.46 1 0
github.com/archesai/archesai/internal/cli/api.go:77.46,79.4 1 0
github.com/archesai/archesai/internal/cli/api.go:83.2,87.12 3 0
github.com/archesai/archesai/internal/cli/api.go:87.12,89.93 2 0
github.com/archesai/archesai/internal/cli/api.go:89.93,91.4 1 0
github.com/archesai/archesai/internal/cli/api.go:95.2,102.58 5 0
github.com/archesai/archesai/internal/cli/api.go:102.58,105.3 2 0
github.com/archesai/archesai/internal/cli/api.go:107.2,108.12 2 0
github.com/archesai/archesai/internal/cli/completion.go:42.47,43.18 1 0
github.com/archesai/archesai/internal/cli/completion.go:44.15,45.47 1 0
github.com/archesai/archesai/internal/cli/completion.go:46.14,47.46 1 0
github.com/archesai/archesai/internal/cli/completion.go:48.15,49.53 1 0
github.com/archesai/archesai/internal/cli/completion.go:50.21,51.61 1 0
github.com/archesai/archesai/internal/cli/completion.go:56.13,58.2 1 0
github.com/archesai/archesai/internal/cli/root.go:31.16,32.42 1 0
github.com/archesai/archesai/internal/cli/root.go:32.42,35.3 2 0
github.com/archesai/archesai/internal/cli/root.go:38.13,46.96 4 0
github.com/archesai/archesai/internal/cli/root.go:46.96,48.3 1 0
github.com/archesai/archesai/internal/cli/root.go:52.19,53.19 1 0
github.com/archesai/archesai/internal/cli/root.go:53.19,56.3 1 0
github.com/archesai/archesai/internal/cli/root.go:56.8,62.3 4 0
github.com/archesai/archesai/internal/cli/root.go:65.2,69.56 3 0
github.com/archesai/archesai/internal/cli/root.go:69.56,71.3 1 0
github.com/archesai/archesai/internal/cli/tui.go:42.13,50.2 5 0
github.com/archesai/archesai/internal/cli/tui.go:52.49,54.18 1 0
github.com/archesai/archesai/internal/cli/tui.go:54.18,58.42 3 0
github.com/archesai/archesai/internal/cli/tui.go:58.42,60.4 1 0
github.com/archesai/archesai/internal/cli/tui.go:61.3,61.13 1 0
github.com/archesai/archesai/internal/cli/tui.go:65.2,65.21 1 0
github.com/archesai/archesai/internal/cli/tui.go:65.21,66.22 1 0
github.com/archesai/archesai/internal/cli/tui.go:67.17,68.43 1 0
github.com/archesai/archesai/internal/cli/tui.go:69.17,70.46 1 0
github.com/archesai/archesai/internal/cli/tui.go:71.17,72.43 1 0
github.com/archesai/archesai/internal/cli/tui.go:73.23,75.30 1 0
github.com/archesai/archesai/internal/cli/tui.go:78.3,78.55 1 0
github.com/archesai/archesai/internal/cli/tui.go:78.55,80.4 1 0
github.com/archesai/archesai/internal/cli/tui.go:84.2,85.21 2 0
github.com/archesai/archesai/internal/cli/tui.go:86.16,87.24 1 0
github.com/archesai/archesai/internal/cli/tui.go:88.16,89.24 1 0
github.com/archesai/archesai/internal/cli/tui.go:90.16,91.24 1 0
github.com/archesai/archesai/internal/cli/tui.go:92.22,93.24 1 0
github.com/archesai/archesai/internal/cli/tui.go:94.18,95.26 1 0
github.com/archesai/archesai/internal/cli/tui.go:96.10,97.61 1 0
github.com/archesai/archesai/internal/cli/tui.go:101.2,102.18 2 0
github.com/archesai/archesai/internal/cli/tui.go:103.18,104.42 1 0
github.com/archesai/archesai/internal/cli/tui.go:105.18,108.17 3 0
github.com/archesai/archesai/internal/cli/tui.go:108.17,110.4 1 0
github.com/archesai/archesai/internal/cli/tui.go:111.10,112.90 1 0
github.com/archesai/archesai/internal/cli/tui.go:115.2,115.22 1 0
github.com/archesai/archesai/internal/cli/tui.go:115.22,117.3 1 0
github.com/archesai/archesai/internal/cli/tui.go:120.2,130.41 6 0
github.com/archesai/archesai/internal/cli/tui.go:130.41,132.3 1 0
github.com/archesai/archesai/internal/cli/tui.go:134.2,134.12 1 0
github.com/archesai/archesai/internal/cli/tui.go:137.60,173.2 2 0
github.com/archesai/archesai/internal/cli/tui.go:175.56,176.18 1 0
github.com/archesai/archesai/internal/cli/tui.go:177.18,178.34 1 0
github.com/archesai/archesai/internal/cli/tui.go:179.18,180.22 1 0
github.com/archesai/archesai/internal/cli/tui.go:181.18,182.18 1 0
github.com/archesai/archesai/internal/cli/tui.go:183.20,184.25 1 0
github.com/archesai/archesai/internal/cli/tui.go:185.10,186.17 1 0
github.com/archesai/archesai/internal/cli/version.go:21.42,25.3 3 0
github.com/archesai/archesai/internal/cli/version.go:28.13,30.2 1 0
github.com/archesai/archesai/internal/cli/web.go:30.13,38.83 4 0
github.com/archesai/archesai/internal/cli/web.go:38.83,40.3 1 0
github.com/archesai/archesai/internal/cli/web.go:41.2,41.89 1 0
github.com/archesai/archesai/internal/cli/web.go:41.89,43.3 1 0
github.com/archesai/archesai/internal/cli/web.go:46.49,60.2 5 0
github.com/archesai/archesai/internal/cli/worker.go:29.13,37.93 4 0
github.com/archesai/archesai/internal/cli/worker.go:37.93,39.3 1 0
github.com/archesai/archesai/internal/cli/worker.go:40.2,40.103 1 0
github.com/archesai/archesai/internal/cli/worker.go:40.103,42.3 1 0
github.com/archesai/archesai/internal/cli/worker.go:45.52,59.2 5 0
github.com/archesai/archesai/internal/codegen/codegen.go:101.42,105.20 2 0
github.com/archesai/archesai/internal/codegen/codegen.go:105.20,107.3 1 0
github.com/archesai/archesai/internal/codegen/codegen.go:108.2,116.38 5 0
github.com/archesai/archesai/internal/codegen/codegen.go:116.38,118.3 1 0
github.com/archesai/archesai/internal/codegen/codegen.go:118.8,120.3 1 0
github.com/archesai/archesai/internal/codegen/codegen.go:123.2,124.16 2 0
github.com/archesai/archesai/internal/codegen/codegen.go:124.16,126.3 1 0
github.com/archesai/archesai/internal/codegen/codegen.go:128.2,132.16 3 0
github.com/archesai/archesai/internal/codegen/codegen.go:132.16,134.3 1 0
github.com/archesai/archesai/internal/codegen/codegen.go:136.2,139.30 2 0
github.com/archesai/archesai/internal/codegen/codegen.go:139.30,142.3 2 0
github.com/archesai/archesai/internal/codegen/codegen.go:145.2,150.69 3 0
github.com/archesai/archesai/internal/codegen/codegen.go:150.69,151.97 1 0
github.com/archesai/archesai/internal/codegen/codegen.go:151.97,153.4 1 0
github.com/archesai/archesai/internal/codegen/codegen.go:154.3,154.46 1 0
github.com/archesai/archesai/internal/codegen/codegen.go:157.2,157.64 1 0
github.com/archesai/archesai/internal/codegen/codegen.go:157.64,158.92 1 0
github.com/archesai/archesai/internal/codegen/codegen.go:158.92,160.4 1 0
github.com/archesai/archesai/internal/codegen/codegen.go:161.3,161.41 1 0
github.com/archesai/archesai/internal/codegen/codegen.go:164.2,164.65 1 0
github.com/archesai/archesai/internal/codegen/codegen.go:164.65,165.93 1 0
github.com/archesai/archesai/internal/codegen/codegen.go:165.93,167.4 1 0
github.com/archesai/archesai/internal/codegen/codegen.go:168.3,168.42 1 0
github.com/archesai/archesai/internal/codegen/codegen.go:171.2,171.66 1 0
github.com/archesai/archesai/internal/codegen/codegen.go:171.66,172.95 1 0
github.com/archesai/archesai/internal/codegen/codegen.go:172.95,174.4 1 0
github.com/archesai/archesai/internal/codegen/codegen.go:175.3,175.44 1 0
github.com/archesai/archesai/internal/codegen/codegen.go:178.2,178.66 1 0
github.com/archesai/archesai/internal/codegen/codegen.go:178.66,179.95 1 0
github.com/archesai/archesai/internal/codegen/codegen.go:179.95,181.4 1 0
github.com/archesai/archesai/internal/codegen/codegen.go:182.3,182.44 1 0
github.com/archesai/archesai/internal/codegen/codegen.go:185.2,185.66 1 0
github.com/archesai/archesai/internal/codegen/codegen.go:185.66,186.95 1 0
github.com/archesai/archesai/internal/codegen/codegen.go:186.95,188.4 1 0
github.com/archesai/archesai/internal/codegen/codegen.go:189.3,189.44 1 0
github.com/archesai/archesai/internal/codegen/codegen.go:193.2,193.35 1 0
github.com/archesai/archesai/internal/codegen/codegen.go:193.35,196.3 2 0
github.com/archesai/archesai/internal/codegen/codegen.go:199.2,199.57 1 0
github.com/archesai/archesai/internal/codegen/codegen.go:199.57,201.30 2 0
github.com/archesai/archesai/internal/codegen/codegen.go:201.30,203.4 1 0
github.com/archesai/archesai/internal/codegen/codegen.go:206.2,207.12 2 0
github.com/archesai/archesai/internal/codegen/codegen.go:211.35,213.22 1 0
github.com/archesai/archesai/internal/codegen/codegen.go:213.22,215.3 1 0
github.com/archesai/archesai/internal/codegen/codegen.go:218.2,219.16 2 0
github.com/archesai/archesai/internal/codegen/codegen.go:219.16,221.3 1 0
github.com/archesai/archesai/internal/codegen/codegen.go:223.2,223.30 1 0
github.com/archesai/archesai/internal/codegen/codegen.go:227.61,243.37 3 0
github.com/archesai/archesai/internal/codegen/codegen.go:243.37,245.17 2 0
github.com/archesai/archesai/internal/codegen/codegen.go:245.17,247.4 1 0
github.com/archesai/archesai/internal/codegen/codegen.go:249.3,250.17 2 0
github.com/archesai/archesai/internal/codegen/codegen.go:250.17,252.4 1 0
github.com/archesai/archesai/internal/codegen/codegen.go:254.3,254.25 1 0
github.com/archesai/archesai/internal/codegen/codegen.go:257.2,257.23 1 0
github.com/archesai/archesai/internal/codegen/codegen.go:261.98,264.34 2 0
github.com/archesai/archesai/internal/codegen/codegen.go:264.34,266.22 1 0
github.com/archesai/archesai/internal/codegen/codegen.go:266.22,267.12 1 0
github.com/archesai/archesai/internal/codegen/codegen.go:271.3,271.37 1 0
github.com/archesai/archesai/internal/codegen/codegen.go:271.37,273.4 1 0
github.com/archesai/archesai/internal/codegen/codegen.go:276.2,276.17 1 0
github.com/archesai/archesai/internal/codegen/codegen.go:280.64,282.30 1 0
github.com/archesai/archesai/internal/codegen/codegen.go:282.30,284.3 1 0
github.com/archesai/archesai/internal/codegen/codegen.go:287.2,288.9 2 0
github.com/archesai/archesai/internal/codegen/codegen.go:288.9,290.3 1 0
github.com/archesai/archesai/internal/codegen/codegen.go:293.2,293.35 1 0
github.com/archesai/archesai/internal/codegen/codegen.go:293.35,294.51 1 0
github.com/archesai/archesai/internal/codegen/codegen.go:294.51,295.28 1 0
github.com/archesai/archesai/internal/codegen/codegen.go:295.28,297.5 1 0
github.com/archesai/archesai/internal/codegen/codegen.go:299.3,299.15 1 0
github.com/archesai/archesai/internal/codegen/codegen.go:303.2,303.13 1 0
github.com/archesai/archesai/internal/codegen/codegen.go:307.47,309.16 2 0
github.com/archesai/archesai/internal/codegen/codegen.go:309.16,319.44 2 0
github.com/archesai/archesai/internal/codegen/codegen.go:319.44,320.56 1 0
github.com/archesai/archesai/internal/codegen/codegen.go:320.56,321.10 1 0
github.com/archesai/archesai/internal/codegen/codegen.go:325.3,325.17 1 0
github.com/archesai/archesai/internal/codegen/codegen.go:325.17,327.4 1 0
github.com/archesai/archesai/internal/codegen/codegen.go:330.2,331.54 2 0
github.com/archesai/archesai/internal/codegen/codegen.go:331.54,333.3 1 0
github.com/archesai/archesai/internal/codegen/codegen.go:336.2,336.28 1 0
github.com/archesai/archesai/internal/codegen/codegen.go:336.28,338.3 1 0
github.com/archesai/archesai/internal/codegen/codegen.go:341.2,341.30 1 0
github.com/archesai/archesai/internal/codegen/codegen.go:341.30,361.3 1 0
github.com/archesai/archesai/internal/codegen/codegen.go:363.2,363.21 1 0
github.com/archesai/archesai/internal/codegen/codegen.go:367.226,372.28 3 0
github.com/archesai/archesai/internal/codegen/codegen.go:372.28,373.20 1 0
github.com/archesai/archesai/internal/codegen/codegen.go:373.20,375.4 1 0
github.com/archesai/archesai/internal/codegen/codegen.go:379.2,380.36 2 0
github.com/archesai/archesai/internal/codegen/codegen.go:380.36,382.3 1 0
github.com/archesai/archesai/internal/codegen/codegen.go:383.2,386.33 2 0
github.com/archesai/archesai/internal/codegen/codegen.go:386.33,390.43 2 0
github.com/archesai/archesai/internal/codegen/codegen.go:390.43,392.4 1 0
github.com/archesai/archesai/internal/codegen/codegen.go:394.3,403.24 4 0
github.com/archesai/archesai/internal/codegen/codegen.go:404.21,405.43 1 0
github.com/archesai/archesai/internal/codegen/codegen.go:405.43,406.13 1 0
github.com/archesai/archesai/internal/codegen/codegen.go:408.4,410.52 3 0
github.com/archesai/archesai/internal/codegen/codegen.go:410.52,414.5 1 0
github.com/archesai/archesai/internal/codegen/codegen.go:415.4,415.51 1 0
github.com/archesai/archesai/internal/codegen/codegen.go:415.51,419.5 1 0
github.com/archesai/archesai/internal/codegen/codegen.go:420.4,420.49 1 0
github.com/archesai/archesai/internal/codegen/codegen.go:420.49,424.5 1 0
github.com/archesai/archesai/internal/codegen/codegen.go:425.16,426.38 1 0
github.com/archesai/archesai/internal/codegen/codegen.go:426.38,427.13 1 0
github.com/archesai/archesai/internal/codegen/codegen.go:429.4,431.47 3 0
github.com/archesai/archesai/internal/codegen/codegen.go:431.47,435.5 1 0
github.com/archesai/archesai/internal/codegen/codegen.go:436.4,436.44 1 0
github.com/archesai/archesai/internal/codegen/codegen.go:436.44,440.5 1 0
github.com/archesai/archesai/internal/codegen/codegen.go:441.4,441.43 1 0
github.com/archesai/archesai/internal/codegen/codegen.go:441.43,445.5 1 0
github.com/archesai/archesai/internal/codegen/codegen.go:446.17,447.39 1 0
github.com/archesai/archesai/internal/codegen/codegen.go:447.39,448.13 1 0
github.com/archesai/archesai/internal/codegen/codegen.go:450.4,452.48 3 0
github.com/archesai/archesai/internal/codegen/codegen.go:452.48,456.5 1 0
github.com/archesai/archesai/internal/codegen/codegen.go:457.4,457.44 1 0
github.com/archesai/archesai/internal/codegen/codegen.go:457.44,461.5 1 0
github.com/archesai/archesai/internal/codegen/codegen.go:462.4,462.43 1 0
github.com/archesai/archesai/internal/codegen/codegen.go:462.43,466.5 1 0
github.com/archesai/archesai/internal/codegen/codegen.go:467.19,468.40 1 0
github.com/archesai/archesai/internal/codegen/codegen.go:468.40,469.13 1 0
github.com/archesai/archesai/internal/codegen/codegen.go:471.4,474.5 2 0
github.com/archesai/archesai/internal/codegen/codegen.go:475.19,476.40 1 0
github.com/archesai/archesai/internal/codegen/codegen.go:476.40,477.13 1 0
github.com/archesai/archesai/internal/codegen/codegen.go:479.4,482.5 2 0
github.com/archesai/archesai/internal/codegen/codegen.go:486.3,486.36 1 0
github.com/archesai/archesai/internal/codegen/codegen.go:486.36,487.102 1 0
github.com/archesai/archesai/internal/codegen/codegen.go:487.102,489.5 1 0
github.com/archesai/archesai/internal/codegen/codegen.go:493.2,493.12 1 0
github.com/archesai/archesai/internal/codegen/codegen.go:497.80,504.33 2 0
github.com/archesai/archesai/internal/codegen/codegen.go:504.33,506.51 2 0
github.com/archesai/archesai/internal/codegen/codegen.go:506.51,507.61 1 0
github.com/archesai/archesai/internal/codegen/codegen.go:507.61,509.5 1 0
github.com/archesai/archesai/internal/codegen/codegen.go:513.3,514.84 2 0
github.com/archesai/archesai/internal/codegen/codegen.go:514.84,515.72 1 0
github.com/archesai/archesai/internal/codegen/codegen.go:515.72,525.5 1 0
github.com/archesai/archesai/internal/codegen/codegen.go:528.3,538.5 1 0
github.com/archesai/archesai/internal/codegen/codegen.go:541.2,556.3 1 0
github.com/archesai/archesai/internal/codegen/codegen.go:559.75,561.33 2 0
github.com/archesai/archesai/internal/codegen/codegen.go:561.33,563.36 2 0
github.com/archesai/archesai/internal/codegen/codegen.go:563.36,565.4 1 0
github.com/archesai/archesai/internal/codegen/codegen.go:568.3,569.84 2 0
github.com/archesai/archesai/internal/codegen/codegen.go:569.84,570.72 1 0
github.com/archesai/archesai/internal/codegen/codegen.go:570.72,580.5 1 0
github.com/archesai/archesai/internal/codegen/codegen.go:583.3,595.5 1 0
github.com/archesai/archesai/internal/codegen/codegen.go:598.2,608.3 1 0
github.com/archesai/archesai/internal/codegen/codegen.go:611.76,625.2 1 0
github.com/archesai/archesai/internal/codegen/codegen.go:627.78,639.2 1 0
github.com/archesai/archesai/internal/codegen/codegen.go:641.78,653.2 1 0
github.com/archesai/archesai/internal/codegen/codegen.go:656.164,658.2 1 0
github.com/archesai/archesai/internal/codegen/codegen.go:661.159,663.2 1 0
github.com/archesai/archesai/internal/codegen/codegen.go:666.160,668.2 1 0
github.com/archesai/archesai/internal/codegen/codegen.go:671.134,677.2 3 0
github.com/archesai/archesai/internal/codegen/codegen.go:680.162,683.28 2 0
github.com/archesai/archesai/internal/codegen/codegen.go:683.28,684.22 1 0
github.com/archesai/archesai/internal/codegen/codegen.go:684.22,686.9 2 0
github.com/archesai/archesai/internal/codegen/codegen.go:690.2,690.18 1 0
github.com/archesai/archesai/internal/codegen/codegen.go:690.18,694.3 3 0
github.com/archesai/archesai/internal/codegen/codegen.go:696.2,696.101 1 0
github.com/archesai/archesai/internal/codegen/codegen.go:700.148,708.16 4 0
github.com/archesai/archesai/internal/codegen/codegen.go:708.16,710.3 1 0
github.com/archesai/archesai/internal/codegen/codegen.go:713.2,714.16 2 0
github.com/archesai/archesai/internal/codegen/codegen.go:714.16,716.3 1 0
github.com/archesai/archesai/internal/codegen/codegen.go:719.2,723.71 3 0
github.com/archesai/archesai/internal/codegen/codegen.go:723.71,725.3 1 0
github.com/archesai/archesai/internal/codegen/codegen.go:727.2,731.12 2 0
github.com/archesai/archesai/internal/codegen/codegen.go:735.131,740.28 3 0
github.com/archesai/archesai/internal/codegen/codegen.go:740.28,742.3 1 0
github.com/archesai/archesai/internal/codegen/codegen.go:745.2,746.36 2 0
github.com/archesai/archesai/internal/codegen/codegen.go:746.36,748.3 1 0
github.com/archesai/archesai/internal/codegen/codegen.go:749.2,752.33 2 0
github.com/archesai/archesai/internal/codegen/codegen.go:752.33,756.43 2 0
github.com/archesai/archesai/internal/codegen/codegen.go:756.43,758.4 1 0
github.com/archesai/archesai/internal/codegen/codegen.go:760.3,766.82 2 0
github.com/archesai/archesai/internal/codegen/codegen.go:771.82,776.36 3 0
github.com/archesai/archesai/internal/codegen/codegen.go:776.36,777.26 1 0
github.com/archesai/archesai/internal/codegen/codegen.go:777.26,778.12 1 0
github.com/archesai/archesai/internal/codegen/codegen.go:781.3,781.76 1 0
github.com/archesai/archesai/internal/codegen/codegen.go:785.2,785.49 1 0
github.com/archesai/archesai/internal/codegen/codegen.go:785.49,791.3 1 0
github.com/archesai/archesai/internal/codegen/codegen.go:793.2,793.16 1 0
github.com/archesai/archesai/internal/codegen/defaults.go:14.67,36.16 7 0
github.com/archesai/archesai/internal/codegen/defaults.go:36.16,39.3 1 0
github.com/archesai/archesai/internal/codegen/defaults.go:40.2,40.26 1 0
github.com/archesai/archesai/internal/codegen/defaults.go:43.81,46.22 2 0
github.com/archesai/archesai/internal/codegen/defaults.go:46.22,48.3 1 0
github.com/archesai/archesai/internal/codegen/defaults.go:49.2,51.27 2 0
github.com/archesai/archesai/internal/codegen/defaults.go:51.27,55.21 2 0
github.com/archesai/archesai/internal/codegen/defaults.go:55.21,56.12 1 0
github.com/archesai/archesai/internal/codegen/defaults.go:60.3,60.28 1 0
github.com/archesai/archesai/internal/codegen/defaults.go:60.28,61.51 1 0
github.com/archesai/archesai/internal/codegen/defaults.go:61.51,62.20 1 0
github.com/archesai/archesai/internal/codegen/defaults.go:62.20,63.51 1 0
github.com/archesai/archesai/internal/codegen/defaults.go:63.51,64.15 1 0
github.com/archesai/archesai/internal/codegen/defaults.go:70.3,73.28 3 0
github.com/archesai/archesai/internal/codegen/defaults.go:74.31,77.19 2 0
github.com/archesai/archesai/internal/codegen/defaults.go:77.19,80.5 1 0
github.com/archesai/archesai/internal/codegen/defaults.go:80.10,85.5 3 0
github.com/archesai/archesai/internal/codegen/defaults.go:86.15,89.24 2 0
github.com/archesai/archesai/internal/codegen/defaults.go:89.24,91.5 1 0
github.com/archesai/archesai/internal/codegen/defaults.go:91.10,93.5 1 0
github.com/archesai/archesai/internal/codegen/defaults.go:94.13,95.55 1 0
github.com/archesai/archesai/internal/codegen/defaults.go:96.16,97.28 1 0
github.com/archesai/archesai/internal/codegen/defaults.go:97.28,99.5 1 0
github.com/archesai/archesai/internal/codegen/defaults.go:99.10,101.5 1 0
github.com/archesai/archesai/internal/codegen/defaults.go:102.11,103.55 1 0
github.com/archesai/archesai/internal/codegen/defaults.go:108.43,110.13 1 0
github.com/archesai/archesai/internal/codegen/defaults.go:111.13,112.21 1 0
github.com/archesai/archesai/internal/codegen/defaults.go:113.14,114.22 1 0
github.com/archesai/archesai/internal/codegen/defaults.go:115.15,116.23 1 0
github.com/archesai/archesai/internal/codegen/defaults.go:117.15,118.23 1 0
github.com/archesai/archesai/internal/codegen/defaults.go:119.19,120.26 1 0
github.com/archesai/archesai/internal/codegen/defaults.go:121.14,122.22 1 0
github.com/archesai/archesai/internal/codegen/defaults.go:123.15,124.21 1 0
github.com/archesai/archesai/internal/codegen/defaults.go:125.17,126.23 1 0
github.com/archesai/archesai/internal/codegen/defaults.go:127.18,128.24 1 0
github.com/archesai/archesai/internal/codegen/defaults.go:129.18,130.26 1 0
github.com/archesai/archesai/internal/codegen/defaults.go:131.17,132.25 1 0
github.com/archesai/archesai/internal/codegen/defaults.go:133.15,134.23 1 0
github.com/archesai/archesai/internal/codegen/defaults.go:135.17,136.25 1 0
github.com/archesai/archesai/internal/codegen/defaults.go:137.24,138.32 1 0
github.com/archesai/archesai/internal/codegen/defaults.go:139.22,140.29 1 0
github.com/archesai/archesai/internal/codegen/defaults.go:141.18,142.26 1 0
github.com/archesai/archesai/internal/codegen/defaults.go:143.17,144.25 1 0
github.com/archesai/archesai/internal/codegen/defaults.go:145.22,146.30 1 0
github.com/archesai/archesai/internal/codegen/defaults.go:147.13,148.21 1 0
github.com/archesai/archesai/internal/codegen/defaults.go:149.19,150.27 1 0
github.com/archesai/archesai/internal/codegen/defaults.go:151.20,152.28 1 0
github.com/archesai/archesai/internal/codegen/defaults.go:153.17,154.25 1 0
github.com/archesai/archesai/internal/codegen/defaults.go:155.14,156.22 1 0
github.com/archesai/archesai/internal/codegen/defaults.go:157.17,158.25 1 0
github.com/archesai/archesai/internal/codegen/defaults.go:159.16,160.24 1 0
github.com/archesai/archesai/internal/codegen/defaults.go:161.10,163.38 1 0
github.com/archesai/archesai/internal/codegen/defaults.go:203.36,205.40 1 0
github.com/archesai/archesai/internal/codegen/defaults.go:205.40,207.3 1 0
github.com/archesai/archesai/internal/codegen/defaults.go:210.2,210.17 1 0
github.com/archesai/archesai/internal/codegen/defaults.go:210.17,212.3 1 0
github.com/archesai/archesai/internal/codegen/defaults.go:213.2,213.39 1 0
github.com/archesai/archesai/internal/codegen/defaults.go:216.48,218.13 1 0
github.com/archesai/archesai/internal/codegen/defaults.go:219.21,220.16 1 0
github.com/archesai/archesai/internal/codegen/defaults.go:221.23,222.24 1 0
github.com/archesai/archesai/internal/codegen/defaults.go:223.18,224.20 1 0
github.com/archesai/archesai/internal/codegen/defaults.go:225.21,226.23 1 0
github.com/archesai/archesai/internal/codegen/defaults.go:228.14,229.16 1 0
github.com/archesai/archesai/internal/codegen/defaults.go:230.21,231.23 1 0
github.com/archesai/archesai/internal/codegen/defaults.go:232.17,233.19 1 0
github.com/archesai/archesai/internal/codegen/defaults.go:234.17,236.13 1 0
github.com/archesai/archesai/internal/codegen/defaults.go:238.15,239.16 1 0
github.com/archesai/archesai/internal/codegen/defaults.go:240.16,241.18 1 0
github.com/archesai/archesai/internal/codegen/defaults.go:242.15,243.17 1 0
github.com/archesai/archesai/internal/codegen/defaults.go:244.15,245.17 1 0
github.com/archesai/archesai/internal/codegen/defaults.go:246.16,247.18 1 0
github.com/archesai/archesai/internal/codegen/defaults.go:249.20,250.16 1 0
github.com/archesai/archesai/internal/codegen/defaults.go:251.17,252.19 1 0
github.com/archesai/archesai/internal/codegen/defaults.go:253.23,254.25 1 0
github.com/archesai/archesai/internal/codegen/defaults.go:255.16,256.18 1 0
github.com/archesai/archesai/internal/codegen/defaults.go:259.2,259.11 1 0
github.com/archesai/archesai/internal/codegen/defaults.go:265.78,266.80 1 0
github.com/archesai/archesai/internal/codegen/defaults.go:266.80,268.3 1 0
github.com/archesai/archesai/internal/codegen/defaults.go:272.2,275.68 2 0
github.com/archesai/archesai/internal/codegen/defaults.go:275.68,277.17 2 0
github.com/archesai/archesai/internal/codegen/defaults.go:277.17,280.4 1 0
github.com/archesai/archesai/internal/codegen/defaults.go:281.3,281.18 1 0
github.com/archesai/archesai/internal/codegen/defaults.go:285.2,301.39 2 0
github.com/archesai/archesai/internal/codegen/defaults.go:301.39,303.3 1 0
github.com/archesai/archesai/internal/codegen/defaults.go:307.2,307.77 1 0
github.com/archesai/archesai/internal/codegen/defaults.go:307.77,312.3 4 0
github.com/archesai/archesai/internal/codegen/defaults.go:315.2,315.79 1 0
github.com/archesai/archesai/internal/codegen/defaults.go:315.79,318.3 2 0
github.com/archesai/archesai/internal/codegen/defaults.go:321.2,321.89 1 0
github.com/archesai/archesai/internal/codegen/defaults.go:321.89,324.3 2 0
github.com/archesai/archesai/internal/codegen/defaults.go:327.2,327.84 1 0
github.com/archesai/archesai/internal/codegen/defaults.go:327.84,330.3 2 0
github.com/archesai/archesai/internal/codegen/defaults.go:333.2,333.82 1 0
github.com/archesai/archesai/internal/codegen/defaults.go:333.82,335.3 1 0
github.com/archesai/archesai/internal/codegen/defaults.go:338.2,338.90 1 0
github.com/archesai/archesai/internal/codegen/defaults.go:338.90,340.3 1 0
github.com/archesai/archesai/internal/codegen/defaults.go:342.2,342.30 1 0
github.com/archesai/archesai/internal/codegen/defaults.go:348.96,352.2 3 0
github.com/archesai/archesai/internal/codegen/defaults.go:355.112,356.33 1 0
github.com/archesai/archesai/internal/codegen/defaults.go:356.33,358.19 2 0
github.com/archesai/archesai/internal/codegen/defaults.go:358.19,360.4 1 0
github.com/archesai/archesai/internal/codegen/defaults.go:362.3,362.28 1 0
github.com/archesai/archesai/internal/codegen/defaults.go:363.31,365.42 1 0
github.com/archesai/archesai/internal/codegen/defaults.go:366.11,368.27 1 0
github.com/archesai/archesai/internal/codegen/defaults.go:375.75,377.33 2 0
github.com/archesai/archesai/internal/codegen/defaults.go:377.33,378.28 1 0
github.com/archesai/archesai/internal/codegen/defaults.go:379.31,381.37 1 0
github.com/archesai/archesai/internal/codegen/defaults.go:382.11,384.11 1 0
github.com/archesai/archesai/internal/codegen/defaults.go:387.2,387.14 1 0
github.com/archesai/archesai/internal/codegen/file_writer.go:27.34,33.2 1 0
github.com/archesai/archesai/internal/codegen/file_writer.go:36.61,39.2 2 0
github.com/archesai/archesai/internal/codegen/file_writer.go:42.65,45.2 2 0
github.com/archesai/archesai/internal/codegen/file_writer.go:48.63,51.2 2 0
github.com/archesai/archesai/internal/codegen/file_writer.go:54.68,56.19 1 0
github.com/archesai/archesai/internal/codegen/file_writer.go:56.19,57.42 1 0
github.com/archesai/archesai/internal/codegen/file_writer.go:57.42,59.4 1 0
github.com/archesai/archesai/internal/codegen/file_writer.go:63.2,63.75 1 0
github.com/archesai/archesai/internal/codegen/file_writer.go:63.75,65.83 1 0
github.com/archesai/archesai/internal/codegen/file_writer.go:65.83,68.4 2 0
github.com/archesai/archesai/internal/codegen/file_writer.go:72.2,72.55 1 0
github.com/archesai/archesai/internal/codegen/file_writer.go:72.55,74.3 1 0
github.com/archesai/archesai/internal/codegen/file_writer.go:77.2,77.53 1 0
github.com/archesai/archesai/internal/codegen/file_writer.go:77.53,79.17 2 0
github.com/archesai/archesai/internal/codegen/file_writer.go:79.17,83.4 2 0
github.com/archesai/archesai/internal/codegen/file_writer.go:83.9,85.4 1 0
github.com/archesai/archesai/internal/codegen/file_writer.go:89.2,90.47 2 0
github.com/archesai/archesai/internal/codegen/file_writer.go:90.47,92.3 1 0
github.com/archesai/archesai/internal/codegen/file_writer.go:95.2,95.58 1 0
github.com/archesai/archesai/internal/codegen/file_writer.go:95.58,97.3 1 0
github.com/archesai/archesai/internal/codegen/file_writer.go:99.2,99.12 1 0
github.com/archesai/archesai/internal/codegen/file_writer.go:103.99,105.49 2 0
github.com/archesai/archesai/internal/codegen/file_writer.go:105.49,107.3 1 0
github.com/archesai/archesai/internal/codegen/file_writer.go:109.2,109.40 1 0
github.com/archesai/archesai/internal/codegen/file_writer.go:113.89,115.16 2 0
github.com/archesai/archesai/internal/codegen/file_writer.go:115.16,117.3 1 0
github.com/archesai/archesai/internal/codegen/file_writer.go:119.2,119.43 1 0
github.com/archesai/archesai/internal/codegen/file_writer.go:123.56,127.47 2 0
github.com/archesai/archesai/internal/codegen/file_writer.go:127.47,129.50 1 0
github.com/archesai/archesai/internal/codegen/file_writer.go:129.50,131.4 1 0
github.com/archesai/archesai/internal/codegen/file_writer.go:135.2,139.29 4 0
github.com/archesai/archesai/internal/codegen/file_writer.go:139.29,140.61 1 0
github.com/archesai/archesai/internal/codegen/file_writer.go:140.61,142.9 2 0
github.com/archesai/archesai/internal/codegen/file_writer.go:147.2,147.23 1 0
github.com/archesai/archesai/internal/codegen/file_writer.go:147.23,149.42 2 0
github.com/archesai/archesai/internal/codegen/file_writer.go:149.42,151.4 1 0
github.com/archesai/archesai/internal/codegen/file_writer.go:152.3,153.49 2 0
github.com/archesai/archesai/internal/codegen/file_writer.go:157.2,157.46 1 0
github.com/archesai/archesai/internal/codegen/file_writer.go:161.29,163.2 1 0
github.com/archesai/archesai/internal/codegen/file_writer.go:166.45,169.2 1 0
github.com/archesai/archesai/internal/codegen/file_writer.go:172.57,176.2 1 0
github.com/archesai/archesai/internal/codegen/file_writer.go:179.42,180.37 1 0
github.com/archesai/archesai/internal/codegen/file_writer.go:180.37,182.3 1 0
github.com/archesai/archesai/internal/codegen/file_writer.go:184.2,184.40 1 0
github.com/archesai/archesai/internal/codegen/file_writer.go:184.40,186.3 1 0
github.com/archesai/archesai/internal/codegen/file_writer.go:189.2,189.76 1 0
github.com/archesai/archesai/internal/codegen/file_writer.go:189.76,191.3 1 0
github.com/archesai/archesai/internal/codegen/file_writer.go:193.2,194.25 2 0
github.com/archesai/archesai/internal/codegen/file_writer.go:198.40,200.40 1 0
github.com/archesai/archesai/internal/codegen/file_writer.go:200.40,202.3 1 0
github.com/archesai/archesai/internal/codegen/file_writer.go:205.2,206.16 2 0
github.com/archesai/archesai/internal/codegen/file_writer.go:206.16,208.3 1 0
github.com/archesai/archesai/internal/codegen/file_writer.go:210.2,212.46 2 0
github.com/archesai/archesai/internal/codegen/file_writer.go:216.36,218.49 1 0
github.com/archesai/archesai/internal/codegen/file_writer.go:218.49,220.3 1 0
github.com/archesai/archesai/internal/codegen/file_writer.go:223.2,227.16 3 0
github.com/archesai/archesai/internal/codegen/file_writer.go:227.16,229.3 1 0
github.com/archesai/archesai/internal/codegen/file_writer.go:232.2,232.64 1 0
github.com/archesai/archesai/internal/codegen/file_writer.go:232.64,234.3 1 0
github.com/archesai/archesai/internal/codegen/file_writer.go:236.2,236.12 1 0
github.com/archesai/archesai/internal/codegen/file_writer.go:240.44,241.81 1 0
github.com/archesai/archesai/internal/codegen/file_writer.go:241.81,242.17 1 0
github.com/archesai/archesai/internal/codegen/file_writer.go:242.17,244.4 1 0
github.com/archesai/archesai/internal/codegen/file_writer.go:247.3,247.19 1 0
github.com/archesai/archesai/internal/codegen/file_writer.go:247.19,249.4 1 0
github.com/archesai/archesai/internal/codegen/file_writer.go:252.3,252.28 1 0
github.com/archesai/archesai/internal/codegen/file_writer.go:252.28,253.42 1 0
github.com/archesai/archesai/internal/codegen/file_writer.go:253.42,255.5 1 0
github.com/archesai/archesai/internal/codegen/file_writer.go:258.3,258.13 1 0
github.com/archesai/archesai/internal/codegen/file_writer.go:263.58,265.2 1 0
github.com/archesai/archesai/internal/codegen/file_writer.go:268.48,270.2 1 0
github.com/archesai/archesai/internal/codegen/file_writer.go:273.68,275.2 1 0
github.com/archesai/archesai/internal/codegen/helpers.go:23.47,25.16 2 0
github.com/archesai/archesai/internal/codegen/helpers.go:25.16,27.3 1 0
github.com/archesai/archesai/internal/codegen/helpers.go:28.2,28.29 1 0
github.com/archesai/archesai/internal/codegen/helpers.go:32.31,34.2 1 0
github.com/archesai/archesai/internal/codegen/helpers.go:37.61,39.16 2 0
github.com/archesai/archesai/internal/codegen/helpers.go:39.16,41.3 1 0
github.com/archesai/archesai/internal/codegen/helpers.go:43.2,44.16 2 0
github.com/archesai/archesai/internal/codegen/helpers.go:44.16,46.3 1 0
github.com/archesai/archesai/internal/codegen/helpers.go:48.2,48.18 1 0
github.com/archesai/archesai/internal/codegen/helpers.go:53.69,55.28 2 0
github.com/archesai/archesai/internal/codegen/helpers.go:55.28,57.3 1 0
github.com/archesai/archesai/internal/codegen/helpers.go:58.2,59.13 2 0
github.com/archesai/archesai/internal/codegen/helpers.go:64.41,67.16 3 0
github.com/archesai/archesai/internal/codegen/helpers.go:67.16,69.3 1 0
github.com/archesai/archesai/internal/codegen/helpers.go:72.2,72.42 1 0
github.com/archesai/archesai/internal/codegen/helpers.go:72.42,73.24 1 0
github.com/archesai/archesai/internal/codegen/helpers.go:74.19,75.20 1 0
github.com/archesai/archesai/internal/codegen/helpers.go:75.20,80.47 3 0
github.com/archesai/archesai/internal/codegen/helpers.go:80.47,84.6 2 0
github.com/archesai/archesai/internal/codegen/helpers.go:87.3,87.14 1 0
github.com/archesai/archesai/internal/codegen/helpers.go:91.2,92.54 2 0
github.com/archesai/archesai/internal/codegen/helpers.go:92.54,94.3 1 0
github.com/archesai/archesai/internal/codegen/helpers.go:96.2,96.66 1 0
github.com/archesai/archesai/internal/codegen/helpers.go:96.66,98.3 1 0
github.com/archesai/archesai/internal/codegen/helpers.go:100.2,100.12 1 0
github.com/archesai/archesai/internal/codegen/parser.go:160.40,166.2 1 0
github.com/archesai/archesai/internal/codegen/parser.go:169.86,174.16 3 0
github.com/archesai/archesai/internal/codegen/parser.go:174.16,176.3 1 0
github.com/archesai/archesai/internal/codegen/parser.go:177.2,177.15 1 0
github.com/archesai/archesai/internal/codegen/parser.go:177.15,177.32 1 0
github.com/archesai/archesai/internal/codegen/parser.go:180.2,181.16 2 0
github.com/archesai/archesai/internal/codegen/parser.go:181.16,183.3 1 0
github.com/archesai/archesai/internal/codegen/parser.go:186.2,189.42 2 0
github.com/archesai/archesai/internal/codegen/parser.go:189.42,191.3 1 0
github.com/archesai/archesai/internal/codegen/parser.go:194.2,194.60 1 0
github.com/archesai/archesai/internal/codegen/parser.go:194.60,196.3 1 0
github.com/archesai/archesai/internal/codegen/parser.go:199.2,200.56 2 0
github.com/archesai/archesai/internal/codegen/parser.go:200.56,202.45 2 0
github.com/archesai/archesai/internal/codegen/parser.go:202.45,205.21 3 0
github.com/archesai/archesai/internal/codegen/parser.go:205.21,207.5 1 0
github.com/archesai/archesai/internal/codegen/parser.go:212.2,214.21 2 0
github.com/archesai/archesai/internal/codegen/parser.go:218.78,233.24 2 0
github.com/archesai/archesai/internal/codegen/parser.go:233.24,235.21 2 0
github.com/archesai/archesai/internal/codegen/parser.go:235.21,237.4 1 0
github.com/archesai/archesai/internal/codegen/parser.go:240.2,240.31 1 0
github.com/archesai/archesai/internal/codegen/parser.go:240.31,242.3 1 0
github.com/archesai/archesai/internal/codegen/parser.go:244.2,247.30 2 0
github.com/archesai/archesai/internal/codegen/parser.go:247.30,249.22 2 0
github.com/archesai/archesai/internal/codegen/parser.go:249.22,253.32 2 0
github.com/archesai/archesai/internal/codegen/parser.go:253.32,255.47 2 0
github.com/archesai/archesai/internal/codegen/parser.go:255.47,260.6 1 0
github.com/archesai/archesai/internal/codegen/parser.go:266.2,266.30 1 0
github.com/archesai/archesai/internal/codegen/parser.go:266.30,268.50 2 0
github.com/archesai/archesai/internal/codegen/parser.go:268.50,270.42 2 0
github.com/archesai/archesai/internal/codegen/parser.go:270.42,273.5 2 0
github.com/archesai/archesai/internal/codegen/parser.go:280.2,280.27 1 0
github.com/archesai/archesai/internal/codegen/parser.go:280.27,282.62 2 0
github.com/archesai/archesai/internal/codegen/parser.go:282.62,284.4 1 0
github.com/archesai/archesai/internal/codegen/parser.go:288.2,288.26 1 0
github.com/archesai/archesai/internal/codegen/parser.go:288.26,290.39 2 0
github.com/archesai/archesai/internal/codegen/parser.go:290.39,292.49 2 0
github.com/archesai/archesai/internal/codegen/parser.go:292.49,294.5 1 0
github.com/archesai/archesai/internal/codegen/parser.go:294.10,296.5 1 0
[...]
github.com/archesai/archesai/internal/auth/middleware.go:410.54,411.37 1 0
github.com/archesai/archesai/internal/auth/middleware.go:411.37,418.4 5 0
github.com/archesai/archesai/internal/auth/middleware.go:423.86,424.54 1 3
github.com/archesai/archesai/internal/auth/middleware.go:424.54,425.37 1 3
github.com/archesai/archesai/internal/auth/middleware.go:425.37,430.20 2 3
github.com/archesai/archesai/internal/auth/middleware.go:430.20,433.5 2 2
github.com/archesai/archesai/internal/auth/middleware.go:435.4,435.20 1 3
github.com/archesai/archesai/internal/auth/middleware.go:435.20,437.5 1 1
github.com/archesai/archesai/internal/auth/middleware.go:440.4,441.18 2 2
github.com/archesai/archesai/internal/auth/middleware.go:441.18,444.5 2 2
github.com/archesai/archesai/internal/auth/middleware.go:447.4,479.18 9 0
github.com/archesai/archesai/internal/auth/middleware.go:500.83,501.54 1 0
github.com/archesai/archesai/internal/auth/middleware.go:501.54,502.37 1 0
github.com/archesai/archesai/internal/auth/middleware.go:502.37,506.40 2 0
github.com/archesai/archesai/internal/auth/middleware.go:506.40,508.47 1 0
github.com/archesai/archesai/internal/auth/middleware.go:508.47,511.6 1 0
github.com/archesai/archesai/internal/auth/middleware.go:514.5,515.19 2 0
github.com/archesai/archesai/internal/auth/middleware.go:515.19,518.6 1 0
github.com/archesai/archesai/internal/auth/middleware.go:521.5,521.49 1 0
github.com/archesai/archesai/internal/auth/middleware.go:521.49,523.49 1 0
github.com/archesai/archesai/internal/auth/middleware.go:523.49,525.7 1 0
github.com/archesai/archesai/internal/auth/middleware.go:528.5,528.20 1 0
github.com/archesai/archesai/internal/auth/middleware.go:532.4,532.24 1 0
github.com/archesai/archesai/internal/auth/middleware.go:532.24,534.5 1 0
github.com/archesai/archesai/internal/auth/middleware.go:536.4,536.80 1 0
github.com/archesai/archesai/internal/auth/middleware.go:570.107,571.54 1 0
github.com/archesai/archesai/internal/auth/middleware.go:571.54,572.37 1 0
github.com/archesai/archesai/internal/auth/middleware.go:572.37,579.47 4 0
github.com/archesai/archesai/internal/auth/middleware.go:579.47,580.21 1 0
github.com/archesai/archesai/internal/auth/middleware.go:581.22,585.8 1 0
github.com/archesai/archesai/internal/auth/middleware.go:586.25,590.8 1 0
github.com/archesai/archesai/internal/auth/middleware.go:591.26,596.8 1 0
github.com/archesai/archesai/internal/auth/middleware.go:601.4,601.29 1 0
github.com/archesai/archesai/internal/auth/middleware.go:601.29,606.5 1 0
github.com/archesai/archesai/internal/auth/middleware.go:609.4,609.23 1 0
github.com/archesai/archesai/internal/auth/middleware.go:609.23,612.19 2 0
github.com/archesai/archesai/internal/auth/middleware.go:612.19,614.6 1 0
github.com/archesai/archesai/internal/auth/middleware.go:615.10,618.19 2 0
github.com/archesai/archesai/internal/auth/middleware.go:618.19,620.6 1 0
github.com/archesai/archesai/internal/auth/middleware.go:621.5,621.25 1 0
github.com/archesai/archesai/internal/auth/middleware.go:625.4,625.67 1 0
github.com/archesai/archesai/internal/auth/middleware.go:625.67,627.11 2 0
github.com/archesai/archesai/internal/auth/middleware.go:627.11,629.62 1 0
github.com/archesai/archesai/internal/auth/middleware.go:629.62,631.7 1 0
github.com/archesai/archesai/internal/auth/middleware.go:634.6,634.76 1 0
github.com/archesai/archesai/internal/auth/middleware.go:634.76,636.7 1 0
github.com/archesai/archesai/internal/auth/middleware.go:639.6,639.50 1 0
github.com/archesai/archesai/internal/auth/middleware.go:639.50,640.34 1 0
github.com/archesai/archesai/internal/auth/middleware.go:640.34,642.8 1 0
github.com/archesai/archesai/internal/auth/middleware.go:646.6,646.54 1 0
github.com/archesai/archesai/internal/auth/middleware.go:646.54,647.38 1 0
github.com/archesai/archesai/internal/auth/middleware.go:647.38,649.8 1 0
github.com/archesai/archesai/internal/auth/middleware.go:654.5,654.77 1 0
github.com/archesai/archesai/internal/auth/middleware.go:654.77,656.6 1 0
github.com/archesai/archesai/internal/auth/middleware.go:659.5,659.32 1 0
github.com/archesai/archesai/internal/auth/middleware.go:659.32,661.76 2 0
github.com/archesai/archesai/internal/auth/middleware.go:661.76,663.7 1 0
github.com/archesai/archesai/internal/auth/middleware.go:666.6,666.19 1 0
github.com/archesai/archesai/internal/auth/middleware.go:666.19,672.7 1 0
github.com/archesai/archesai/internal/auth/middleware.go:676.4,676.14 1 0
github.com/archesai/archesai/internal/auth/middleware.go:682.94,683.54 1 0
github.com/archesai/archesai/internal/auth/middleware.go:683.54,684.37 1 0
github.com/archesai/archesai/internal/auth/middleware.go:684.37,686.49 1 0
github.com/archesai/archesai/internal/auth/middleware.go:686.49,692.5 4 0
github.com/archesai/archesai/internal/auth/middleware.go:694.4,694.14 1 0
github.com/archesai/archesai/internal/auth/middleware.go:701.87,702.54 1 0
github.com/archesai/archesai/internal/auth/middleware.go:702.54,703.37 1 0
github.com/archesai/archesai/internal/auth/middleware.go:703.37,705.40 1 0
github.com/archesai/archesai/internal/auth/middleware.go:705.40,707.47 1 0
github.com/archesai/archesai/internal/auth/middleware.go:707.47,709.6 1 0
github.com/archesai/archesai/internal/auth/middleware.go:712.5,713.19 2 0
github.com/archesai/archesai/internal/auth/middleware.go:713.19,715.11 1 0
github.com/archesai/archesai/internal/auth/middleware.go:720.4,720.18 1 0
github.com/archesai/archesai/internal/auth/middleware.go:787.78,788.54 1 0
github.com/archesai/archesai/internal/auth/middleware.go:788.54,791.46 2 0
github.com/archesai/archesai/internal/auth/middleware.go:791.46,793.4 1 0
github.com/archesai/archesai/internal/auth/middleware.go:794.3,794.17 1 0
github.com/archesai/archesai/internal/auth/middleware.go:799.117,800.54 1 0
github.com/archesai/archesai/internal/auth/middleware.go:800.54,801.37 1 0
github.com/archesai/archesai/internal/auth/middleware.go:801.37,802.20 1 0
github.com/archesai/archesai/internal/auth/middleware.go:802.20,804.5 1 0
github.com/archesai/archesai/internal/auth/middleware.go:805.4,805.18 1 0
github.com/archesai/archesai/internal/auth/middleware.go:818.43,820.21 1 0
github.com/archesai/archesai/internal/auth/middleware.go:820.21,822.3 1 0
github.com/archesai/archesai/internal/auth/middleware.go:825.2,825.36 1 0
github.com/archesai/archesai/internal/auth/middleware.go:825.36,827.39 1 0
github.com/archesai/archesai/internal/auth/middleware.go:827.39,831.4 2 0
github.com/archesai/archesai/internal/auth/middleware.go:832.3,832.22 1 0
github.com/archesai/archesai/internal/auth/middleware.go:832.22,835.4 1 0
github.com/archesai/archesai/internal/auth/middleware.go:839.2,839.73 1 0
github.com/archesai/archesai/internal/auth/middleware.go:839.73,841.3 1 0
github.com/archesai/archesai/internal/auth/middleware.go:843.2,843.14 1 0
github.com/archesai/archesai/internal/auth/middleware.go:847.119,848.54 1 0
github.com/archesai/archesai/internal/auth/middleware.go:848.54,849.37 1 0
github.com/archesai/archesai/internal/auth/middleware.go:849.37,853.35 2 0
github.com/archesai/archesai/internal/auth/middleware.go:853.35,855.40 1 0
github.com/archesai/archesai/internal/auth/middleware.go:855.40,858.6 1 0
github.com/archesai/archesai/internal/auth/middleware.go:862.4,862.85 1 0
github.com/archesai/archesai/internal/auth/middleware.go:868.71,869.54 1 0
github.com/archesai/archesai/internal/auth/middleware.go:869.54,870.37 1 0
github.com/archesai/archesai/internal/auth/middleware.go:870.37,872.18 2 0
github.com/archesai/archesai/internal/auth/middleware.go:872.18,874.49 1 0
github.com/archesai/archesai/internal/auth/middleware.go:874.49,875.89 1 0
github.com/archesai/archesai/internal/auth/middleware.go:875.89,884.7 2 0
github.com/archesai/archesai/internal/auth/middleware.go:887.4,887.14 1 0
github.com/archesai/archesai/internal/auth/oauth.go:35.17,44.2 1 0
github.com/archesai/archesai/internal/auth/oauth.go:47.65,49.2 1 0
github.com/archesai/archesai/internal/auth/oauth.go:52.119,54.9 2 0
github.com/archesai/archesai/internal/auth/oauth.go:54.9,56.3 1 0
github.com/archesai/archesai/internal/auth/oauth.go:59.2,60.16 2 0
github.com/archesai/archesai/internal/auth/oauth.go:60.16,62.3 1 0
github.com/archesai/archesai/internal/auth/oauth.go:65.2,65.94 1 0
github.com/archesai/archesai/internal/auth/oauth.go:65.94,67.3 1 0
github.com/archesai/archesai/internal/auth/oauth.go:69.2,70.28 2 0
github.com/archesai/archesai/internal/auth/oauth.go:74.136,76.26 1 0
github.com/archesai/archesai/internal/auth/oauth.go:76.26,78.3 1 0
github.com/archesai/archesai/internal/auth/oauth.go:80.2,81.9 2 0
github.com/archesai/archesai/internal/auth/oauth.go:81.9,83.3 1 0
github.com/archesai/archesai/internal/auth/oauth.go:86.2,87.16 2 0
github.com/archesai/archesai/internal/auth/oauth.go:87.16,89.3 1 0
github.com/archesai/archesai/internal/auth/oauth.go:92.2,93.16 2 0
github.com/archesai/archesai/internal/auth/oauth.go:93.16,95.3 1 0
github.com/archesai/archesai/internal/auth/oauth.go:98.2,99.16 2 0
github.com/archesai/archesai/internal/auth/oauth.go:99.16,101.3 1 0
github.com/archesai/archesai/internal/auth/oauth.go:104.2,107.16 3 0
github.com/archesai/archesai/internal/auth/oauth.go:107.16,110.17 2 0
github.com/archesai/archesai/internal/auth/oauth.go:110.17,112.4 1 0
github.com/archesai/archesai/internal/auth/oauth.go:113.8,116.17 2 0
github.com/archesai/archesai/internal/auth/oauth.go:116.17,118.4 1 0
github.com/archesai/archesai/internal/auth/oauth.go:121.3,132.79 2 0
github.com/archesai/archesai/internal/auth/oauth.go:132.79,135.69 3 0
github.com/archesai/archesai/internal/auth/oauth.go:135.69,137.5 1 0
github.com/archesai/archesai/internal/auth/oauth.go:142.2,163.16 4 0
github.com/archesai/archesai/internal/auth/oauth.go:163.16,165.3 1 0
github.com/archesai/archesai/internal/auth/oauth.go:168.2,170.29 2 0
github.com/archesai/archesai/internal/auth/oauth.go:174.141,190.16 4 0
github.com/archesai/archesai/internal/auth/oauth.go:190.16,192.3 1 0
github.com/archesai/archesai/internal/auth/oauth.go:195.2,205.54 2 0
github.com/archesai/archesai/internal/auth/oauth.go:205.54,209.3 2 0
github.com/archesai/archesai/internal/auth/oauth.go:212.2,220.8 1 0
github.com/archesai/archesai/internal/auth/oauth.go:224.122,231.38 2 0
github.com/archesai/archesai/internal/auth/oauth.go:231.38,233.3 1 0
github.com/archesai/archesai/internal/auth/oauth.go:235.2,236.32 2 0
github.com/archesai/archesai/internal/auth/oauth.go:236.32,238.3 1 0
github.com/archesai/archesai/internal/auth/oauth.go:240.2,241.9 2 0
github.com/archesai/archesai/internal/auth/oauth.go:241.9,243.3 1 0
github.com/archesai/archesai/internal/auth/oauth.go:246.2,247.16 2 0
github.com/archesai/archesai/internal/auth/oauth.go:247.16,249.3 1 0
github.com/archesai/archesai/internal/auth/oauth.go:252.2,255.67 3 0
github.com/archesai/archesai/internal/auth/oauth.go:255.67,257.3 1 0
github.com/archesai/archesai/internal/auth/oauth.go:259.2,259.20 1 0
github.com/archesai/archesai/internal/auth/oauth.go:263.38,265.40 2 0
github.com/archesai/archesai/internal/auth/oauth.go:265.40,267.3 1 0
github.com/archesai/archesai/internal/auth/oauth.go:268.2,268.50 1 0
github.com/archesai/archesai/internal/auth/oauth.go:287.121,293.43 4 0
github.com/archesai/archesai/internal/auth/oauth.go:293.43,294.30 1 0
github.com/archesai/archesai/internal/auth/oauth.go:294.30,296.4 1 0
github.com/archesai/archesai/internal/auth/oauth.go:299.2,305.12 2 0
github.com/archesai/archesai/internal/auth/oauth.go:309.93,313.48 3 0
github.com/archesai/archesai/internal/auth/oauth.go:313.48,314.36 1 0
github.com/archesai/archesai/internal/auth/oauth.go:314.36,316.4 1 0
github.com/archesai/archesai/internal/auth/oauth.go:319.2,319.53 1 0
github.com/archesai/archesai/internal/auth/oauth.go:323.80,329.2 4 0
github.com/archesai/archesai/internal/auth/password.go:16.59,17.23 1 12
github.com/archesai/archesai/internal/auth/password.go:17.23,19.3 1 1
github.com/archesai/archesai/internal/auth/password.go:21.2,21.25 1 11
github.com/archesai/archesai/internal/auth/password.go:21.25,23.3 1 1
github.com/archesai/archesai/internal/auth/password.go:25.2,32.32 2 10
github.com/archesai/archesai/internal/auth/password.go:32.32,33.10 1 124
github.com/archesai/archesai/internal/auth/password.go:34.30,35.19 1 21
github.com/archesai/archesai/internal/auth/password.go:36.30,37.19 1 71
github.com/archesai/archesai/internal/auth/password.go:38.31,39.20 1 24
github.com/archesai/archesai/internal/auth/password.go:40.56,41.21 1 8
github.com/archesai/archesai/internal/auth/password.go:45.2,46.15 2 10
github.com/archesai/archesai/internal/auth/password.go:46.15,48.3 1 2
github.com/archesai/archesai/internal/auth/password.go:49.2,49.15 1 10
github.com/archesai/archesai/internal/auth/password.go:49.15,51.3 1 1
github.com/archesai/archesai/internal/auth/password.go:52.2,52.16 1 10
github.com/archesai/archesai/internal/auth/password.go:52.16,54.3 1 2
github.com/archesai/archesai/internal/auth/password.go:55.2,55.17 1 10
github.com/archesai/archesai/internal/auth/password.go:55.17,57.3 1 2
github.com/archesai/archesai/internal/auth/password.go:59.2,59.22 1 10
github.com/archesai/archesai/internal/auth/password.go:59.22,61.3 1 5
github.com/archesai/archesai/internal/auth/password.go:63.2,63.12 1 5
github.com/archesai/archesai/internal/auth/password.go:67.65,70.2 2 4
github.com/archesai/archesai/internal/auth/password.go:73.63,75.2 1 3
github.com/archesai/archesai/internal/auth/password.go:78.63,81.44 2 0
github.com/archesai/archesai/internal/auth/password.go:81.44,83.3 1 0
github.com/archesai/archesai/internal/auth/password.go:86.2,86.39 1 0
github.com/archesai/archesai/internal/auth/password.go:90.81,92.49 1 0
github.com/archesai/archesai/internal/auth/password.go:92.49,94.3 1 0
github.com/archesai/archesai/internal/auth/password.go:97.2,98.16 2 0
github.com/archesai/archesai/internal/auth/password.go:98.16,103.3 2 0
github.com/archesai/archesai/internal/auth/password.go:106.2,107.16 2 0
github.com/archesai/archesai/internal/auth/password.go:107.16,110.3 2 0
github.com/archesai/archesai/internal/auth/password.go:114.2,118.16 3 0
github.com/archesai/archesai/internal/auth/password.go:118.16,121.3 2 0
github.com/archesai/archesai/internal/auth/password.go:123.2,124.12 2 0
github.com/archesai/archesai/internal/auth/password.go:128.78,132.2 1 0
github.com/archesai/archesai/internal/auth/password.go:135.87,142.2 1 4
github.com/archesai/archesai/internal/auth/password.go:145.67,153.2 1 0
github.com/archesai/archesai/internal/auth/password.go:156.83,162.2 1 2
github.com/archesai/archesai/internal/auth/permissions.go:250.59,252.13 2 5
github.com/archesai/archesai/internal/auth/permissions.go:252.13,254.3 1 0
github.com/archesai/archesai/internal/auth/permissions.go:256.2,256.32 1 5
github.com/archesai/archesai/internal/auth/permissions.go:256.32,257.22 1 18
github.com/archesai/archesai/internal/auth/permissions.go:257.22,259.4 1 3
github.com/archesai/archesai/internal/auth/permissions.go:261.2,261.14 1 2
github.com/archesai/archesai/internal/auth/permissions.go:265.49,267.2 1 23
github.com/archesai/archesai/internal/auth/permissions.go:270.33,278.2 1 1
github.com/archesai/archesai/internal/auth/permissions.go:281.32,290.2 1 1
github.com/archesai/archesai/internal/auth/permissions.go:293.66,297.2 1 0
github.com/archesai/archesai/internal/auth/provider.go:64.81,75.2 7 0
github.com/archesai/archesai/internal/auth/provider.go:78.119,81.2 2 0
github.com/archesai/archesai/internal/auth/provider.go:84.107,89.2 2 0
github.com/archesai/archesai/internal/auth/token.go:15.78,21.112 3 5
github.com/archesai/archesai/internal/auth/token.go:21.112,23.58 1 4
github.com/archesai/archesai/internal/auth/token.go:23.58,25.4 1 0
github.com/archesai/archesai/internal/auth/token.go:26.3,26.26 1 4
github.com/archesai/archesai/internal/auth/token.go:29.2,29.16 1 5
github.com/archesai/archesai/internal/auth/token.go:29.16,31.3 1 2
github.com/archesai/archesai/internal/auth/token.go:33.2,34.25 2 3
github.com/archesai/archesai/internal/auth/token.go:34.25,36.3 1 0
github.com/archesai/archesai/internal/auth/token.go:39.2,39.41 1 3
github.com/archesai/archesai/internal/auth/token.go:39.41,41.3 1 0
github.com/archesai/archesai/internal/auth/token.go:43.2,43.20 1 3
github.com/archesai/archesai/internal/auth/token.go:47.87,48.28 1 2
github.com/archesai/archesai/internal/auth/token.go:48.28,50.3 1 2
github.com/archesai/archesai/internal/auth/token.go:53.2,53.52 1 0
github.com/archesai/archesai/internal/auth/token.go:57.98,59.112 1 0
github.com/archesai/archesai/internal/auth/token.go:59.112,61.58 1 0
github.com/archesai/archesai/internal/auth/token.go:61.58,63.4 1 0
github.com/archesai/archesai/internal/auth/token.go:64.3,64.26 1 0
github.com/archesai/archesai/internal/auth/token.go:67.2,67.16 1 0
github.com/archesai/archesai/internal/auth/token.go:67.16,69.3 1 0
github.com/archesai/archesai/internal/auth/token.go:71.2,72.25 2 0
github.com/archesai/archesai/internal/auth/token.go:72.25,74.3 1 0
github.com/archesai/archesai/internal/auth/token.go:77.2,77.42 1 0
github.com/archesai/archesai/internal/auth/token.go:77.42,79.3 1 0
github.com/archesai/archesai/internal/auth/token.go:82.2,83.16 2 0
github.com/archesai/archesai/internal/auth/token.go:83.16,86.3 2 0
github.com/archesai/archesai/internal/auth/token.go:89.2,89.28 1 0
github.com/archesai/archesai/internal/auth/token.go:89.28,91.17 2 0
github.com/archesai/archesai/internal/auth/token.go:91.17,93.36 2 0
github.com/archesai/archesai/internal/auth/token.go:93.36,96.5 2 0
github.com/archesai/archesai/internal/auth/token.go:99.4,99.31 1 0
github.com/archesai/archesai/internal/auth/token.go:99.31,101.50 2 0
github.com/archesai/archesai/internal/auth/token.go:101.50,104.6 2 0
github.com/archesai/archesai/internal/auth/token.go:110.2,111.16 2 0
github.com/archesai/archesai/internal/auth/token.go:111.16,113.3 1 0
github.com/archesai/archesai/internal/auth/token.go:115.2,116.23 2 0
github.com/archesai/archesai/internal/auth/token.go:120.76,122.2 1 4
github.com/archesai/archesai/internal/auth/token.go:125.101,141.2 3 4
github.com/archesai/archesai/internal/auth/token.go:153.27,178.40 3 4
github.com/archesai/archesai/internal/auth/token.go:178.40,181.3 2 0
github.com/archesai/archesai/internal/auth/token.go:184.2,186.16 3 4
github.com/archesai/archesai/internal/auth/token.go:186.16,188.3 1 0
github.com/archesai/archesai/internal/auth/token.go:191.2,206.16 4 4
github.com/archesai/archesai/internal/auth/token.go:206.16,208.3 1 0
github.com/archesai/archesai/internal/auth/token.go:210.2,215.8 1 4
github.com/archesai/archesai/internal/auth/types.gen.go:427.89,431.2 3 0
github.com/archesai/archesai/internal/auth/types.gen.go:434.90,438.2 3 0
github.com/archesai/archesai/internal/auth/types.gen.go:441.91,443.16 2 0
github.com/archesai/archesai/internal/auth/types.gen.go:443.16,445.3 1 0
github.com/archesai/archesai/internal/auth/types.gen.go:447.2,449.12 3 0
github.com/archesai/archesai/internal/auth/types.gen.go:453.89,457.2 3 0
github.com/archesai/archesai/internal/auth/types.gen.go:460.90,464.2 3 0
github.com/archesai/archesai/internal/auth/types.gen.go:467.91,469.16 2 0
github.com/archesai/archesai/internal/auth/types.gen.go:469.16,471.3 1 0
github.com/archesai/archesai/internal/auth/types.gen.go:473.2,475.12 3 0
github.com/archesai/archesai/internal/auth/types.gen.go:479.89,483.2 3 0
github.com/archesai/archesai/internal/auth/types.gen.go:486.90,490.2 3 0
github.com/archesai/archesai/internal/auth/types.gen.go:493.91,495.16 2 0
github.com/archesai/archesai/internal/auth/types.gen.go:495.16,497.3 1 0
github.com/archesai/archesai/internal/auth/types.gen.go:499.2,501.12 3 0
github.com/archesai/archesai/internal/auth/types.gen.go:504.62,507.2 2 0
github.com/archesai/archesai/internal/auth/types.gen.go:509.63,512.2 2 0
github.com/archesai/archesai/internal/auth/verification.go:9.66,13.2 1 0
github.com/archesai/archesai/internal/auth/verification.go:16.78,20.2 1 0
